72
SlidesNextv2
JenZ PhilippH 
CollectionsNextv1
TatiyanaC SergeyN MatasW FionaJ 
GlassOSSv3
MatasW JenZ 
StreamXv9
LarryO 
CastOSProv6
BakhodirD 
ShoppingProv8
FionaN PhilippI 
ExploreUltrav8
BakhodirD ClementM SergeyV HiroshiF FionaJ SusanQ ClementE 
ChromeNextv7
SergeyV BakhodirD PhilippY 
ClassroomMaxv2
TatiyanaC SusanQ 
StreamXv6
BakhodirW JenK SergeyN ClementM FionaJ 
DocsNextv2
SundarP JenK ClementL 
BuildMaxv1
MichalB RuthX NellyY BakhodirG SergeyV 
GameProv3
PhilippY 
ShortsNextv7
FionaF PhilippY HiroshiF 
WearOSLitev5
NellyY BakhodirD TatiyanaC JenK PhilippI 
DaydreamLitev7
BakhodirW 
BloggerNextv8
PhilippP ClementE MatasW SergeyV 
MapsProv8
HiroshiW SergeyT BakhodirD 
ConnectLitev9
SundarA 
CollectionsZv7
HiroshiW SergeyV BakhodirD PhilippI SundarA SergeyN FionaJ 
GameProv6
LarryO SusanQ StefanQ 
ChromeOSLitev3
PhilippP HiroshiW PhilippY 
MarsXv1
HiroshiF FionaJ MichalB MatasH 
StreetViewProv9
SundarA MatasC ClementE MatasW JenK PhilippK NellyY LarryO 
FeedBurnerMaxv3
TatiyanaC LarryO 
AndroidTVMaxv5
HiroshiF SundarP PhilippK 
DuoZv2
PhilippY SundarP FionaF 
ResearchXv8
SundarP ClementM BakhodirW JenK ClementE 
ReleaseUltrav1
FionaJ BakhodirD 
MapsSv7
SundarA PhilippK FionaF LarryO ClementM ThomasK MatasW LarryX ClementE BakhodirD 
SitesSv1
SergeyU ClementL 
SmartSv2
FionaF BakhodirW PhilippK BenjaminT FionaN 
AndroidAutoZv2
PhilippH JenK PhilippI LarryX SergeyU 
StreetViewXv1
TatiyanaC JenK FionaF 
ChromeOSUltrav5
JenK PhilippH SergeyU HiroshiW PhilippK ClementL 
SmartLitev9
JenZ ThomasK PhilippP 
GameLitev8
PhilippP PhilippK MatasW SergeyN 
AssistantUltrav2
MatasC SergeyU StefanQ MichalP BakhodirW PhilippP 
DuoZv4
ThomasK SundarP LarryX FionaJ PhilippK RuthX ThomasM 
GmailLitev9
PhilippP BakhodirG ThomasK StefanQ PetarF MatasW LarryX HiroshiF SundarA SergeyN 
MarsLitev5
BakhodirD TatiyanaC 
MarsUltrav8
PhilippI SergeyU SusanQ PhilippP StefanQ BenjaminT RuthX BakhodirG MatasW 
CastOSXv6
LarryO SundarP BakhodirG PetarF StefanQ ClementL SundarA 
DuoMaxv1
FionaJ NellyY PhilippI PhilippP ClementL 
GlassOSLitev9
FionaJ BakhodirG SundarA PhilippK HiroshiF PhilippH 
StreetViewNextv3
SusanQ PhilippH JenZ 
FuchsiaLitev6
PhilippY BenjaminT ThomasK FionaJ BakhodirW PhilippI SergeyV 
FuchsiaXv6
SergeyV SundarA 
WebserverProv6
PhilippP 
FeedBurnerMaxv1
MichalB ThomasK ClementL HiroshiF 
AndroidTVNextv1
MatasC NellyX SergeyV LarryO PhilippP ThomasM SergeyU SundarL 
MapsUltrav3
TatiyanaC HiroshiW PhilippP 
GmailSv4
PetarF NellyY 
SearchNextv1
SergeyV ThomasM MichalB SundarP ThomasK 
KeepXv5
PhilippP HiroshiF MichalP 
SitesUltrav5
SergeyU PhilippI MatasW TatiyanaC LarryX StefanQ PhilippY SundarP 
StadiaZv1
TatiyanaC ClementM BenjaminT PhilippP 
DreamSv2
SusanQ PhilippP SergeyN LarryO PhilippI MatasW 
AlertsLitev7
SergeyN HiroshiF StefanQ BenjaminT 
PhotoProv3
StefanQ HiroshiF BakhodirD SusanQ MichalP SergeyV SergeyU 
VoiceProv8
MatasW ClementE MatasC ClementM TatiyanaC 
DataZv2
SusanQ ThomasM ClementM FionaF StefanQ PhilippH SergeyN SergeyT 
SkyLitev6
TatiyanaC ThomasM PhilippI 
ChatSv4
TatiyanaC BakhodirG PhilippP JenZ 
SantaTrackerXv4
HiroshiW ThomasM ClementE BakhodirG ClementL FionaJ SergeyU PhilippH SusanQ MichalP 
CultureProv7
MatasW TatiyanaC PhilippY SergeyU FionaJ ThomasM BakhodirW ClementE 
StreetViewUltrav4
HiroshiW SergeyU JenZ 
MoonMaxv4
MichalP HiroshiW FionaF SundarA BakhodirW ThomasM StefanQ ThomasK HiroshiF BakhodirD 
StadiaZv2
BakhodirG JenZ MichalP FionaF ThomasK MatasH 
CastOSNextv8
LarryO LarryX ClementM BakhodirG ThomasM BakhodirW NellyY TatiyanaC 
WebserverProv4
HiroshiF NellyX PhilippP PhilippI PhilippH ClementE SergeyU MatasW PhilippY 
WearOSProv2
FionaN NellyY SergeyV PhilippY FionaJ ThomasM MatasW PhilippH StefanQ 
