294
ClassroomProv4
c1198 c641 c740 c679 c874 c920 c184 c664 c1324 c4 c736 c956 c963 c121 c845 c701 c135 c212 c899 c533 c551 c675 c1383 c737 c1257 c107 c1285 c1105 c615 c183 c1194 c1308 c425 c320 c517 c491 c26 c44 c960 
ChromecastNextv2
c660 c192 c642 c960 c193 c1384 c708 c629 c592 c899 c1474 c1124 c419 c1049 c1383 c121 c1194 c8 c1399 c135 c1292 c524 c808 c63 c1476 c668 c563 c491 c45 c1479 c1345 c1499 c185 c1065 c15 c1058 c268 c824 c1353 
ScholarXv7
c1128 c1125 c512 c1322 c1205 c179 c1399 c856 c874 c1194 c847 c44 c1074 c657 c1271 c185 c1049 c1251 c531 c1083 c920 c491 c1193 c899 c111 c987 c1208 c955 c677 c1308 c1048 c1111 
GameZv2
c1324 c1198 c570 c1169 c708 c847 c587 c670 c1321 c850 c1170 c63 c1237 c1105 c641 c531 c1129 c183 c343 c461 c527 c1124 c193 c1308 c121 c907 
ClassroomProv8
c313 c1382 c316 c653 c660 c1499 c144 c1384 c1232 c1208 c1145 c179 c185 c1444 c676 c529 c1042 c1083 c1125 c854 c1237 c358 
ReleaseMaxv8
c740 c1308 c313 c1321 c1193 c187 c531 c657 c26 c179 c4 c956 c856 c675 c588 c904 c1310 c1128 c425 c491 c641 c1388 c193 c1237 c551 c850 
TravelProv9
c1349 c1324 c26 c1446 c135 c799 c641 c1308 c708 c999 c1194 c204 c107 c461 c1262 c1285 c856 c1094 c512 c44 
AssistantSv6
c1124 c1130 c425 c185 c904 c1237 c701 c850 c1205 c271 c856 c1285 c215 c1198 c608 c986 c26 c907 c663 c641 c668 c1399 c499 c874 c963 c531 c1446 c949 c4 c642 c1042 c83 c1094 c1163 c1383 c1111 c512 c1183 c63 c1194 c1046 c1324 c76 c828 c587 
LoggingUltrav4
c1042 c1170 c675 c1169 c1183 c956 c184 c899 c641 c955 c1456 c212 c461 c337 c1314 c531 c653 c107 c63 c737 c664 c1094 c111 c1198 c920 c271 c320 c1452 c949 c1295 c1110 c960 c499 c874 c137 c845 c1237 c1446 c1096 
WearOSMaxv1
c1183 c538 c1129 c491 c874 c1058 c962 c660 c1042 c853 c787 c383 c1158 c666 c657 c587 c341 c740 c343 c563 c512 c305 c473 c1169 c529 c824 c268 c558 c726 c8 c608 c193 c668 c1456 c1094 c904 c526 c1130 c168 c956 c1383 c185 c677 c219 c1128 c68 c517 c537 c702 c766 c920 c1424 c1434 c1187 c531 c1399 c1349 c1322 
MapsUltrav8
c83 c26 c193 c760 c960 c708 c44 c1321 c235 c1130 c1440 c587 c1456 c271 c1383 c899 c382 c135 c874 c491 c642 c1193 c852 c1295 c517 c1094 c1433 c657 c1324 c4 c986 c375 c1169 c512 c1096 c368 c907 c845 c1251 c331 c1308 c270 c1170 c1205 c558 c12 c1124 c76 c664 c641 c670 c962 c107 c533 
ChromecastZv5
c653 c1105 c1169 c670 c1170 c1349 c1446 c271 c834 c270 c1198 c1079 c63 c121 c204 c44 c608 c1205 c668 c512 c137 c144 c179 c587 c461 c0 c1124 c1324 c1308 c343 c320 c111 c963 c1094 c563 c920 c4 c960 c551 c955 c530 
SheetsZv6
c1480 c1442 c1262 c145 c1345 c44 c587 c268 c551 c179 c235 c121 c76 c1322 c1232 c920 c904 c1433 c135 c1499 c1124 c1349 c1308 c533 c592 c787 c1446 c899 c666 c850 c331 c933 c107 c382 c95 
ExploreZv2
c1194 c642 c183 c111 c271 c331 c668 c999 c641 c608 c663 c1456 c1124 c382 c1193 c44 c1295 c1383 c26 c442 c670 c852 c215 c1321 c1292 c83 c343 c551 c491 c1130 c530 c531 c1198 c955 c135 c1079 c219 c368 c454 c563 c425 c341 c1183 c185 c1204 c184 c263 c1094 c856 c963 c12 c1237 c1446 c1205 c529 c1157 c558 
AndroidSv7
c1105 c212 c653 c44 c1470 c850 c1349 c1049 c664 c963 c587 c193 c1321 c382 c949 c1055 c670 c736 c1193 c882 c313 c853 c1446 c1198 c563 
CastOSXv2
c736 c962 c376 c608 c1205 c76 c551 c828 c1308 c44 c135 c320 c271 c107 c26 c1292 c4 c1257 c368 c882 c538 c531 
ChromeSv2
c491 c621 c512 c1130 c529 c1484 c1292 c1079 c1237 c461 c331 c212 c1383 c26 c185 c1442 c531 c670 c1446 c179 c1124 c337 c268 c76 c632 c551 c107 c1324 c1398 c1193 c121 c641 c527 c1262 c1183 c558 c766 c962 c538 c1058 c1042 c533 c1295 c341 c1480 c666 c668 c587 c499 c367 c375 c368 
ImagesSv4
c920 c1232 c1193 c1324 c454 c530 c641 c850 c55 c1042 c1321 c1308 c955 c107 c1105 c960 c26 c376 c41 c184 c856 c135 c63 c1170 c737 c1130 c1046 c899 c219 c551 c337 c1194 c670 c1310 c499 c1124 c527 c212 c1251 c874 c999 c368 c608 c1157 c708 c956 c4 c185 c963 c1399 c92 c847 c1138 
BooksUltrav6
c587 c1295 c657 c331 c531 c219 c664 c1125 c660 c702 c1480 c920 c161 c1169 c740 c1042 c76 c1470 c204 c179 c1383 c1321 c1262 c1163 c1232 c874 c856 c512 c529 c668 c63 c1446 c268 c904 c675 c1194 c708 c995 c1237 c834 c850 c376 c1231 c999 c1170 c1308 c833 c1382 c935 c1464 c107 c1345 c1484 c526 c588 c621 
BooksXv3
c1456 c1292 c193 c1232 c76 c185 c920 c63 c1042 c955 c999 c1193 c1205 c1383 c956 c215 c1094 c368 c668 c1079 
AlertsZv3
c1383 c963 c425 c1194 c76 c1130 c1285 c320 c960 c1193 c1321 c1205 c531 c675 c1456 c1198 c4 c375 c1295 c1232 c55 c121 
FormsProv2
c185 c675 c558 c766 c313 c1183 c1111 c1198 c657 c212 c1194 c1295 c531 c660 c526 c271 c4 c1124 c76 c664 c1314 c26 
StreamXv2
c1399 c856 c137 c1281 c26 c44 c1111 c337 c657 c963 c1383 c320 c271 c1295 c512 c111 c212 c411 c1321 c489 c1170 c425 c737 c708 c55 c653 c313 c670 c663 c1183 c641 c333 c621 c341 c899 c608 c956 c1042 c63 c955 c1194 c1079 c1198 c1138 c563 c12 c760 c1446 c1456 c1124 c1237 c331 c1470 c83 c1480 c1246 c858 c740 c920 
StreamZv6
c962 c999 c531 c1295 c856 c1383 c1271 c83 c26 c538 c215 c121 c313 c44 c1321 c1065 c920 c1042 c850 c1281 c144 c331 c1440 c111 c588 c491 c1198 c320 c657 c907 c137 c740 c675 c708 c587 c653 c1194 c1079 c1169 c1262 c193 c212 c824 c663 c787 c461 c12 c185 c1292 c1205 c1094 c95 c382 c1398 
SmartLitev2
c808 c1246 c737 c587 c657 c850 c904 c999 c949 c882 c955 c874 c1205 c1183 c608 c563 c376 c935 c1042 c107 c1499 c268 c63 c693 c632 c760 
FormsNextv5
c26 c1169 c1383 c874 c852 c653 c1205 c1324 c219 c193 c144 c1124 c1170 c107 c169 c491 c587 c999 c963 c1163 c1308 c1194 c270 c83 c531 c461 c204 c736 c375 c343 c1183 c740 c184 c76 c664 c44 c12 c1094 c1065 c185 c337 c398 c1446 c0 c212 c675 c1310 c551 c1253 c845 c1105 c320 c1193 c701 c183 
SitesUltrav3
c1349 c852 c1251 c1042 c41 c271 c999 c587 c1183 c1292 c0 c1237 c121 c1308 c1399 c641 c398 c63 c963 c1205 c1262 c1198 c740 c955 c531 c1169 c1440 c184 c899 c12 c76 c55 c193 c83 c856 c1105 c1170 c1321 c608 c642 c653 c169 c1295 c1194 c183 c675 c1310 
ConnectNextv4
c588 c641 c1124 c1237 c1205 c83 c184 c193 c1049 c63 c664 c341 c1194 c517 c736 c999 c121 c1324 c663 c1383 c1198 c76 c26 c899 c587 c904 c4 c1096 c313 c1193 c533 c1446 c1083 c907 c531 c1157 c44 c368 c1138 c960 
VoiceLitev9
c185 c341 c1383 c904 c512 c95 c212 c899 c111 c1295 c4 c376 c850 c499 c1446 c1398 c1321 c12 c664 c161 c531 c316 c461 c882 c663 c854 c641 c268 c787 c1484 
PhotoZv5
c701 c856 c271 c63 c1094 c1237 c184 c461 c425 c1042 c1316 c1170 c663 c561 c963 c1193 c337 c1383 c1205 c641 c1321 c76 c313 c920 c195 c907 c847 c668 c1163 c679 
SitesXv7
c184 c708 c1130 c55 c320 c963 c121 c26 c642 c1237 c1081 c920 c845 c856 c587 c701 c491 c874 c107 c1193 c83 c1183 c1169 c1205 
PixelMaxv2
c907 c899 c1237 c533 c1262 c663 c26 c845 c1257 c425 c615 c1105 c736 c398 c641 c675 c531 c904 c337 c179 c1065 c1130 c461 c999 c313 c1324 c454 c653 c1193 c949 c1094 c1183 c320 c1170 c442 c1295 c1383 c183 c270 c551 c1042 c271 c169 
ReleaseZv9
c608 c442 c615 c12 c1105 c527 c337 c1193 c963 c675 c193 c587 c956 c1079 c1324 c834 c920 c270 c533 c1251 c641 c313 c1161 c1205 c212 c76 c1124 c320 c1295 c1257 c1049 c184 c899 c1183 c204 c1198 c219 c26 c512 c454 c1163 c799 c670 c642 c1042 c1316 c1456 c55 c531 
AndroidAutoUltrav1
c1237 c1308 c1183 c608 c963 c26 c491 c270 c642 c845 c212 c850 c1456 c1116 c517 c185 c1383 c668 c587 c55 c204 c111 c670 c960 c343 c1042 c313 c1295 c1105 c193 c907 c121 c551 c531 c708 c1257 c828 
AndroidLitev9
c1285 c76 c1324 c679 c184 c1138 c907 c121 c212 c708 c179 c955 c193 c4 c675 c1237 c736 c1183 c920 c1193 c512 c999 c1321 c26 c461 c271 c1349 
LearnProv6
c1308 c219 c1193 c587 c0 c270 c1198 c4 c12 c1124 c533 c641 c1446 c1105 c986 c527 c1170 c1183 c949 c551 c55 c1324 c850 c668 c512 c856 c530 c76 c135 c1295 c1321 c461 c738 c615 c845 c1349 c41 c1237 c1065 c368 c271 c874 c184 c1046 c179 c44 c491 c83 c1169 c736 
DrawingsLitev8
c83 c135 c270 c740 c920 c1257 c1480 c533 c1049 c1194 c375 c675 c1446 c183 c808 c76 c425 c737 c215 c615 c1055 c212 c161 c204 c531 c1124 c144 c1456 c963 c454 c608 c44 c185 c1042 c664 c4 c663 c1262 c587 c701 c1105 c442 c271 c1251 c856 c1295 c1316 c368 c736 c999 c632 c551 c1324 c1169 
ConnectUltrav5
c1198 c1262 c533 c1205 c1446 c192 c1308 c454 c1232 c1322 c1079 c708 c955 c1194 c1295 c1094 c1055 c161 c4 c157 c1480 c551 c26 c1193 c563 c1169 c641 c1456 c1399 c670 
TranslateNextv9
c533 c853 c1456 c1094 c1130 c184 c382 c1124 c425 c1237 c641 c4 c271 c874 c766 c1399 c799 c670 c1049 c212 c808 c18 c179 c169 c193 c845 c955 c1079 c1308 
BloggerNextv6
c1198 c337 c1295 c1399 c608 c135 c4 c137 c529 c1079 c212 c907 c949 c824 c320 c425 c963 c184 c76 c185 c701 c1383 c874 c1124 c675 c953 c533 c1237 c499 c454 c1105 
ArtsZv2
c679 c736 c44 c563 c137 c1169 c1105 c1205 c641 c193 c874 c1237 c999 c367 c737 c907 c499 c1480 c551 c615 c845 c675 c1262 c955 c527 c1157 c668 c1383 c517 c558 c215 c653 c533 c799 c185 c1130 c121 c337 c1094 c331 c376 c632 c320 c135 c1316 c664 c271 c111 c1285 c512 c4 c1049 c1295 c1499 c1308 c1446 c425 c212 
ChromecastSv2
c4 c1237 c852 c563 c527 c1198 c845 c920 c271 c1295 c442 c44 c1124 c551 c320 c963 c0 c121 c1194 c1324 c668 c956 c137 c1065 c955 c960 c533 c531 c1257 c491 c144 c235 c179 c675 c454 c183 c738 c1446 c215 c55 c653 c907 c1163 c1193 c26 c1079 c107 c1130 c986 c999 c337 
DatasetSearchNextv3
c1169 c850 c632 c1399 c1349 c736 c642 c1124 c920 c664 c1094 c1262 c1096 c1198 c83 c121 c63 c999 c1183 c26 c4 c107 c1205 c828 c949 c679 c425 c1130 c1321 c193 c587 c963 c135 c1170 c271 
NewsZv2
c337 c1049 c1124 c533 c1321 c376 c1257 c4 c955 c83 c1440 c193 c183 c736 c26 c1105 c1251 c135 c1383 c563 c12 c1499 c1193 c845 c740 c1130 c738 c1285 c799 c1094 c367 c697 
WebserverMaxv3
c740 c512 c1096 c1198 c185 c1163 c1295 c1049 c675 c845 c215 c193 c999 c551 c271 c1285 c668 c933 c368 c1205 c701 c1399 c1232 c517 c850 c949 c1105 c183 c111 c708 c874 
SlidesXv7
c1262 c608 c313 c1285 c491 c701 c1105 c425 c1042 c185 c1456 c657 c179 c1237 c1183 c666 c642 c331 c1096 c1193 c193 c874 c184 c1251 c963 c1198 c587 c1321 c1349 c1130 c828 c1246 c376 c615 c375 c411 c337 c962 c1308 c1058 c1049 c1205 c1322 c135 c1169 c1232 c322 c111 c920 c44 c76 c740 c1398 c144 
PatentsLitev7
c135 c1169 c955 c856 c960 c850 c551 c179 c615 c530 c1130 c271 c1105 c670 c16 c754 c874 c55 c1194 c1170 c1399 c461 c608 c185 c1193 c1324 c1349 c1049 c1079 c30 c529 c1295 c442 c949 c184 c963 c212 c664 c367 c26 c642 c663 c121 c1383 c12 c1308 c701 c331 
SlidesZv6
c185 c587 c1399 c701 c1193 c963 c653 c1124 c283 c83 c1205 c1042 c271 c856 c738 c1198 c1446 c1094 c740 c663 c1324 c986 c533 c76 c615 c850 c4 c1170 c212 c184 c999 c1251 c1105 c219 c736 c313 c517 c1308 c1065 c1183 c121 
PatentsLitev8
c111 c1321 c675 c1094 c1194 c219 c531 c738 c1324 c63 c737 c461 c1130 c701 c563 c1446 c1257 c664 c368 c44 c907 c499 c398 c708 c955 c135 c179 c641 c313 c1138 c193 c1079 c956 c740 c780 c107 c55 c1456 c1042 c530 c653 c663 c1170 c1049 c963 c642 c1237 c41 c1205 
SantaTrackerSv6
c963 c442 c641 c1237 c1124 c533 c1205 c955 c999 c755 c737 c962 c1383 c1456 c1163 c845 c664 c1193 c1065 c425 c676 c204 c657 c1349 c184 c907 c26 c1049 c215 c663 c1345 
CurrentsXv5
c343 c668 c907 c1321 c12 c740 c845 c376 c608 c530 c111 c512 c92 c517 c963 c1198 c847 c1456 c461 c63 c83 c1251 c204 c1170 c185 c1194 c491 c4 c270 c653 c121 c26 c675 c920 c874 
NewsZv4
c107 c834 c337 c737 c1198 c899 c1138 c1295 c675 c499 c736 c1096 c184 c664 c63 c271 c1083 c135 c0 c1105 c1446 c491 c4 c1205 c1383 c425 c512 c828 c1237 c563 c121 c853 c204 c1324 c701 c83 c1079 c1308 c26 c1065 c1183 c852 c1456 c531 c442 c1081 c320 c1262 c845 c1285 
ShoppingUltrav8
c899 c1257 c1205 c1042 c169 c1295 c55 c1105 c185 c517 c499 c442 c1456 c1183 c1285 c337 c856 c1237 c1130 c1442 c1308 c368 c963 c1157 c1079 c184 
MarsProv2
c4 c1205 c1308 c737 c679 c670 c337 c1446 c1198 c1079 c1194 c847 c920 c615 c1316 c845 c41 c1262 c1193 c527 c83 c313 c736 c169 c663 c530 c1257 c1321 c874 c642 c1124 c899 c320 c955 
PhotoNextv6
c1285 c738 c144 c963 c1183 c212 c76 c26 c641 c653 c454 c834 c1295 c675 c107 c1205 c1251 c1324 c1079 c856 c1456 
LoggingUltrav9
c1324 c313 c169 c26 c1079 c1105 c847 c1049 c454 c960 c425 c642 c1308 c1446 c1042 c1094 c615 c1237 c271 c1257 
ShoppingUltrav6
c664 c874 c1169 c1308 c1124 c1183 c533 c1316 c737 c530 c1383 c491 c454 c184 c850 c1295 c856 c920 c847 c26 c1324 c1205 c83 c587 c963 c799 c107 c670 c1198 c740 c111 c1257 c1310 c137 c1170 c1237 c736 c76 c499 c653 c907 c44 c531 c1193 c517 
StreamUltrav2
c1198 c121 c271 c382 c1194 c874 c1324 c963 c0 c1237 c960 c834 c847 c215 c270 c26 c320 c653 c664 c920 c212 c1308 c608 c907 c587 c454 c1310 c856 c740 c337 c1456 c1193 c135 c1169 c1257 c799 c368 c1183 c1130 c4 c1065 c845 c184 c641 c1042 c852 
WebserverZv3
c184 c271 c1480 c668 c26 c999 c847 c1198 c1440 c1130 c675 c1324 c531 c1308 c907 c1446 c1314 c850 c963 c337 c1237 c144 c1079 c1251 c736 c657 c1193 c313 c799 c1157 c135 c1232 c530 c55 c111 c1310 c551 c874 c204 c587 c368 c161 c960 c708 c1138 
AndroidMaxv2
c376 c701 c587 c1193 c850 c653 c736 c615 c608 c382 c1281 c1065 c708 c1124 c963 c676 c642 c1130 c0 c668 c183 c1183 c955 c939 c1349 c664 c949 c483 c1440 c1383 c1205 c1246 c907 c1295 c375 c740 c856 c215 c44 c271 
MapsLitev1
c425 c1232 c653 c949 c551 c76 c454 c1321 c1237 c1130 c530 c219 c1169 c271 c1456 c184 c4 c834 c1205 c185 c615 c179 c121 
MapsZv4
c1232 c663 c856 c608 c907 c1042 c949 c708 c320 c63 c1456 c955 c740 c738 c874 c137 c736 c530 c121 c587 c1157 c531 c675 c1194 c512 c701 c26 c1324 c1446 c999 c83 c1257 c642 c76 c653 c425 c0 c382 c845 
CurrentsLitev2
c852 c1042 c1079 c1169 c1295 c642 c1446 c701 c736 c1194 c1130 c530 c641 c1308 c1183 c907 c1456 c664 c1321 c963 c1124 c454 c121 c1170 c956 c675 c55 c920 c1285 c271 c531 c184 c179 c663 c615 c76 
AndroidTVSv9
c1383 c563 c1124 c587 c1321 c1205 c1130 c184 c856 c531 c701 c852 c955 c874 c675 c44 c215 c834 c850 c1163 c642 c144 c956 
FinanceLitev1
c26 c1321 c1456 c183 c135 c963 c219 c736 c737 c587 c1130 c850 c1237 c845 c874 c1105 c1079 c1183 c668 c960 c615 c184 c670 c1324 c1257 c1205 c1081 c271 c283 c533 c215 c76 c1094 c337 
LoggingProv9
c41 c899 c1324 c1094 c1042 c219 c26 c491 c587 c834 c1446 c874 c121 c270 c701 c1383 c1079 c425 c679 c4 c63 c531 c1081 c1163 c907 c320 c44 c615 c736 c663 c313 c664 c852 c343 c337 c642 c271 c1194 c708 c1157 c1285 c697 c137 c1169 c55 c1065 
CurrentsUltrav6
c193 c920 c454 c144 c313 c83 c111 c0 c850 c834 c668 c563 c1321 c4 c1198 c1193 c701 c271 c179 c852 c1399 c960 c1124 c107 c1251 c1157 c26 c551 c531 c1383 c657 c1169 c949 c653 c44 c1295 c1194 c642 c184 c608 c1185 c533 c963 c587 c270 c442 c483 c215 c1105 c1345 c1079 c1285 
CurrentsXv7
c1042 c587 c1295 c701 c533 c963 c563 c26 c1169 c212 c193 c1081 c313 c847 c679 c271 c63 c442 c425 c1170 c454 c4 c343 c491 c376 c184 c856 c517 c215 c874 c1308 c956 c235 c664 c144 c641 c169 c1193 c461 c121 c1157 c204 c675 c530 c44 c708 c1124 c76 c1194 
NewsXv4
c44 c1169 c1079 c642 c1308 c454 c907 c675 c1094 c442 c999 c899 c533 c185 c491 c1237 c1446 c1198 c212 c963 c664 c1124 c1456 c111 c270 c83 c461 c4 c615 c1262 c845 c1183 c874 c121 c670 c283 c1105 c1157 c920 c183 
SitesMaxv7
c675 c1285 c212 c1042 c1205 c76 c461 c83 c1295 c12 c271 c853 c1130 c1105 c1321 c530 c63 c641 c949 c1081 c899 c962 c736 c1349 c533 c1194 c663 c960 c442 c1237 c664 c963 c1316 c1138 c219 c587 c1308 c987 c907 c144 c204 c904 c499 c1169 c708 c737 c55 c920 c1324 c1383 c1049 c1446 c670 c1124 c179 c1193 
MarsNextv7
c587 c491 c1257 c608 c63 c738 c1324 c1456 c1124 c1105 c642 c1049 c0 c1079 c675 c834 c657 c1205 c874 c641 c679 c949 c442 c956 c708 c184 c44 
DocsZv8
c834 c663 c144 c83 c442 c675 c587 c107 c376 c1383 c1042 c1105 c1295 c1130 c527 c708 c1094 c1308 c1170 c1124 c955 c799 c1345 c12 c183 c1310 c63 c270 c26 c390 
AndroidSv3
c270 c0 c1138 c1042 c320 c1193 c44 c641 c398 c1065 c899 c1130 c587 c26 c1183 c1198 c874 c63 c670 c1169 c999 c1295 c1124 c184 c179 c697 c551 c271 c850 c1322 c83 c531 c960 c107 c1079 c1321 c135 c738 c675 c4 c608 c907 c121 c204 c920 c313 c55 c343 
SearchSv2
c955 c454 c121 c368 c1170 c1321 c1065 c1251 c425 c874 c135 c679 c949 c376 c1308 c933 c675 c856 c183 c1456 c1237 c531 c1324 c845 c461 c1193 c963 c0 c1105 c987 c331 c1232 c1257 c587 c337 c26 c169 c1079 c551 c382 c1262 c320 c1138 c137 c63 c1295 c283 c1049 c1116 
PhotoSv9
c121 c527 c442 c1198 c185 c955 c701 c1308 c1349 c55 c1446 c845 c26 c179 c963 c1321 c1130 c1295 c641 c1194 c83 c425 c670 c551 c107 c740 c587 c738 c1237 c1169 c1081 c960 c1042 c1324 c956 c675 c1065 c382 c1262 c530 c313 c1079 c1383 c215 c664 c383 c1170 c184 c1094 c907 c874 c1183 c736 
CalendarProv8
c382 c956 c1205 c144 c737 c899 c949 c527 c533 c1383 c1324 c1237 c1081 c76 c425 c512 c343 c1321 c641 c799 c834 
YouTubeMaxv8
c955 c675 c963 c738 c533 c1314 c183 c1321 c1446 c491 c1257 c737 c442 c135 c1081 c26 c1205 c1349 c1399 c563 c1324 c642 c63 c701 c668 c551 c834 c76 c1163 c1157 c1295 c670 c184 c1067 c920 c1105 c799 c1130 c107 
FlightsSv2
c204 c736 c1321 c26 c708 c1065 c4 c1262 c1193 c1446 c491 c512 c845 c587 c955 c1130 c135 c44 c1105 c920 c313 c701 c956 c83 c1251 c1183 c1399 c1124 c1232 c271 c999 c1079 c1042 c641 c1349 c1170 c111 c76 c668 c856 c1198 c121 c663 c960 c527 c642 c368 c899 
StadiaProv2
c663 c398 c1295 c1105 c701 c121 c1321 c44 c313 c856 c4 c1205 c1157 c668 c670 c491 c0 c1324 c1349 c1042 c26 c642 c204 c1316 c956 c1251 c1163 c83 c183 
DaydreamProv6
c1079 c1308 c184 c1193 c1183 c615 c55 c204 c1383 c83 c1042 c960 c1321 c76 c1237 c664 c1046 c26 c587 c663 c212 c1169 c1285 c179 c899 c1157 c1456 c955 c1399 c679 c1194 c425 c144 c1295 c1130 c263 c874 c1096 c847 c1124 c215 c708 c185 c963 c1345 c675 c63 c668 c907 c512 c621 c161 c111 c1138 c949 c808 c588 c1428 
SitesProv9
c1079 c135 c670 c313 c1308 c368 c1399 c642 c1321 c1237 c55 c425 c663 c1163 c920 c664 c212 c874 c517 c1065 c121 c963 c847 c641 c1193 c376 c561 c442 c185 c1105 c1194 c740 c512 c1205 c219 c1138 c491 c320 c1094 c111 c1130 
SearchNextv4
c670 c1446 c653 c107 c44 c26 c0 c563 c1383 c1205 c920 c1237 c1399 c1105 c999 c852 c551 c641 c1169 c608 c1183 c382 c184 c642 c212 c986 c483 
DataMaxv3
c1324 c26 c736 c1308 c4 c920 c1065 c955 c1042 c1193 c956 c608 c1383 c999 c107 c135 c670 c491 c44 c1198 c701 c1183 c847 c834 c1094 c530 c1399 
StorageUltrav2
c668 c664 c963 c920 c1170 c1130 c313 c1161 c960 c185 c1042 c107 c670 c121 c425 c1295 c856 c1308 c1442 c1321 c1251 c1124 c587 c383 c44 c343 c641 c531 c1198 c1193 c1285 c1456 c1079 c1094 c55 c4 c653 c530 c193 c283 
VoiceXv4
c1399 c1193 c845 c834 c587 c531 c270 c442 c183 c608 c1257 c55 c663 c530 c184 c1456 c899 c670 c398 c212 c1163 c708 c193 c1205 c1237 c874 c1383 c499 c1130 c664 c83 c1295 c44 c454 c1049 c26 c960 c939 c1042 c920 c1096 c563 c1183 c179 c1124 
CastOSUltrav6
c907 c76 c135 c920 c530 c799 c899 c337 c1193 c111 c1446 c533 c1194 c1198 c184 c787 c853 c0 c850 c736 c137 c963 c737 c1110 c1321 c1324 c642 c1124 c663 c1262 c641 c1094 c1130 c852 
SlidesMaxv6
c63 c1324 c270 c960 c1124 c1170 c1193 c1169 c111 c533 c563 c1183 c899 c313 c185 c4 c1399 c83 c368 c1446 c1205 c1110 c1295 c1094 c657 c12 c1096 c850 c1065 c920 c1208 c642 c442 c1138 c461 c1105 c955 c1130 c26 c1157 c1285 c204 c343 c744 c1383 c738 c144 c653 c737 c1083 c834 c664 c632 c1161 c856 c641 c179 c1321 
KeepNextv5
c313 c856 c121 c1383 c679 c641 c1321 c1042 c4 c670 c664 c1065 c26 c999 c1316 c1257 c184 c986 c933 c461 c12 c383 c1049 c512 c1428 c204 c642 c376 c653 c1237 c668 c874 c799 
SkyXv9
c185 c675 c219 c874 c740 c845 c1198 c169 c83 c608 c425 c184 c1205 c1308 c1169 c1251 c527 c551 c920 c1324 c999 c956 c76 c1124 c183 c670 c1194 c955 c1399 c195 c41 c1232 c1130 c531 c1163 c653 c530 c63 c121 c1446 c382 c1042 c368 c44 c533 c1138 c491 c26 c664 c4 
VoiceNextv7
c531 c1237 c121 c169 c533 c1205 c26 c563 c512 c76 c949 c874 c737 c1262 c1163 c850 c55 c852 c184 c1251 c1193 c313 c63 c1194 c675 c1124 c587 c1079 c368 c107 c83 c1295 c212 c856 
ImagesNextv7
c920 c185 c313 c0 c1042 c1169 c219 c1198 c491 c121 c679 c963 c1105 c337 c1163 c533 c1157 c111 c531 c368 c1257 c740 c44 c1194 c664 c874 c856 c1310 c999 c1440 c653 c668 c799 c1193 c1316 c563 c63 c1094 c283 c1083 c1237 c701 c204 c1446 c737 c198 c184 c1251 c26 c853 c949 c122 c367 c527 c1183 c755 c960 
DuoProv6
c663 c1383 c135 c701 c55 c1316 c657 c641 c1257 c121 c215 c1321 c26 c1237 c137 c531 c1130 c1456 c1308 c856 c737 c668 
ChromecastNextv4
c663 c512 c1399 c215 c963 c1237 c313 c1042 c563 c425 c999 c533 c1321 c1130 c183 c4 c517 c1308 c179 c271 c1116 c368 c83 c1049 c653 c499 c169 c320 c1198 c834 c1169 c184 c1205 c1163 c641 c1383 c920 c18 c587 c675 c1193 c1232 c1194 c44 c1183 c1285 c454 c383 c738 c212 c121 c1081 c1446 c1170 c1124 c845 c219 c461 c376 
MapsXv8
c1205 c1308 c551 c1138 c1237 c907 c1262 c1310 c1081 c1198 c608 c107 c26 c271 c1193 c1169 c1324 c963 c83 c1285 c1295 c1124 c1440 c179 c527 c530 c531 
DaydreamSv6
c169 c1446 c1308 c708 c1042 c1316 c856 c878 c1383 c920 c499 c736 c587 c653 c533 c517 c907 c1205 c963 c491 c1130 c999 c193 c461 c382 c1169 c527 c1124 c663 c383 c1262 c184 c608 c1183 c212 c899 c852 c1295 c1170 c26 c664 c83 c271 c219 c531 c824 c1094 c425 c1321 
MapsSv2
c41 c1170 c337 c845 c0 c852 c26 c1169 c398 c1193 c63 c144 c1446 c587 c271 c1049 c169 c1399 c121 c736 c1124 c491 c425 c1138 c738 c1456 c708 c1130 c83 c1194 c615 c1262 c1237 c1094 c1183 
FuchsiaSv8
c271 c874 c1049 c530 c1308 c83 c1079 c382 c135 c670 c1321 c1237 c1262 c663 c533 c121 c701 c1383 c845 c111 c847 c1183 c679 
SkyUltrav9
c26 c1308 c533 c1383 c641 c4 c587 c1130 c899 c313 c740 c1205 c530 c1237 c499 c185 c1193 c960 c76 c1094 c1324 c1124 
ChromeProv4
c185 c907 c376 c955 c44 c1094 c1308 c1194 c664 c26 c137 c83 c1349 c461 c1324 c145 c740 c184 c425 c271 c663 c899 c1321 c527 c531 c856 c1193 c1231 c960 c999 c1124 c193 c1170 c121 c850 c956 c1310 c1130 c675 c63 c588 
VoiceProv4
c1130 c1198 c653 c920 c1324 c845 c368 c963 c874 c1456 c531 c376 c121 c641 c657 c193 c12 c587 c76 c26 c1399 c701 c642 c675 c1058 c1105 c1295 c1308 c1321 c1446 c1383 c1094 c1237 c960 c738 
OsZv8
c212 c26 c664 c956 c1308 c1205 c1295 c135 c670 c587 c999 c1257 c270 c1049 c1321 c641 c955 c533 c442 c1065 c1094 c963 c398 c1079 c527 c530 c856 c679 c907 c1322 c368 c184 c736 c76 c1310 c44 c1130 c1232 c1324 c4 c653 c740 c1316 c271 c675 c283 c185 c383 c320 c55 c874 c531 c41 c899 c1198 c847 
FuchsiaLitev1
c1042 c955 c920 c1251 c26 c563 c874 c845 c83 c1308 c160 c1310 c1383 c0 c1170 c663 c956 c642 c491 c653 c960 c63 c1193 c1232 c1130 c185 c1295 c135 c1094 c4 c212 c533 c1322 c1205 c425 c701 c963 c1105 c454 
DriveNextv5
c0 c107 c708 c1232 c4 c1349 c1079 c1324 c670 c1198 c907 c956 c960 c999 c1446 c799 c874 c679 c1065 c1169 c675 c1295 c1094 c899 c1205 c212 c531 c1157 c551 c135 c215 c183 c179 c454 
FinanceProv4
c874 c313 c587 c530 c76 c834 c845 c425 c215 c107 c44 c1124 c847 c1183 c738 c454 c899 c642 c271 c551 c663 c856 
SantaTrackerLitev5
c1308 c1205 c1105 c1295 c1257 c1399 c1079 c320 c1456 c382 c517 c1349 c799 c107 c491 c1193 c845 c856 c1081 c26 c551 c1130 c663 c270 c55 c874 c1499 c641 c701 c960 c740 c653 c608 c30 c956 c1042 c425 c1322 c160 c83 c512 c955 c1194 c212 c44 
ScholarUltrav8
c1285 c169 c675 c1446 c755 c491 c847 c920 c1349 c111 c1094 c856 c1205 c1383 c799 c960 c736 c55 c1308 c1194 c1193 c26 c1079 
DaydreamZv6
c738 c1316 c701 c512 c55 c1183 c834 c111 c653 c531 c461 c193 c320 c1456 c212 c425 c708 c1321 c337 c1194 c955 c737 c121 c1046 c736 c1079 c1138 c663 c530 c343 c183 c1105 c382 c856 c1399 c1237 c1349 c1163 c960 c83 c1193 c44 c920 c899 c313 c642 c1094 c1042 c1081 c874 c1169 c1446 c63 c1232 c587 c30 c1130 
MoonMaxv6
c83 c1183 c1198 c1205 c679 c1169 c1324 c999 c907 c1446 c1170 c270 c737 c183 c1130 c1237 c852 c1316 c425 c847 c1042 c956 c63 c740 c1049 c615 c856 c1163 c899 c736 c1442 c587 c0 
ResearchProv1
c955 c454 c1124 c1349 c530 c1105 c1295 c1456 c1042 c4 c920 c1442 c664 c184 c1321 c399 c1257 c587 c169 c212 c999 c425 c1237 c708 c847 c737 
DaydreamLitev6
c1096 c212 c1308 c670 c55 c1193 c1399 c847 c1237 c999 c111 c44 c376 c736 c1295 c834 c271 c144 c185 c1124 c0 c675 
ChromeZv7
c368 c1157 c1321 c708 c111 c856 c215 c517 c1081 c1198 c1295 c1285 c1130 c563 c26 c1205 c185 c212 c587 c907 c679 c1193 c425 c204 c1324 c999 c956 c454 c615 c588 c1383 c641 c135 c642 c1456 c1170 c1183 c1308 c1322 c1124 c653 c1484 c736 c899 c1399 c0 c963 c874 c847 c530 
DreamXv8
c313 c679 c1262 c587 c63 c852 c454 c76 c1094 c111 c874 c179 c527 c343 c1198 c653 c425 c1237 c1157 c491 c1324 c1316 c31 c920 c845 c1383 c83 c169 c1446 c1183 c986 c121 c1456 c589 c1081 c184 c1308 c963 c531 c799 c185 c44 c960 c642 c1285 c670 c847 c641 c26 c1295 
StorageMaxv1
c956 c1295 c615 c670 c852 c1308 c313 c1321 c533 c63 c737 c18 c960 c1163 c1399 c1157 c1183 c26 c1251 c1349 c856 c999 c425 c1232 c834 c145 c1046 c1170 c657 c1129 c44 c1205 c1042 c561 c1456 c531 c1083 c76 c144 c1484 c1079 c824 c847 c1322 c1310 c1198 c874 c653 c1124 c454 c183 c0 c738 c1105 c642 c204 c963 
ChromeOSMaxv2
c1324 c1205 c382 c1383 c852 c527 c1138 c1042 c1105 c1079 c740 c1193 c26 c1295 c1094 c135 c999 c1130 c653 c963 c955 c899 c1316 c179 c491 c708 c0 c1308 c270 c641 c183 c1446 
WearOSProv5
c663 c1285 c215 c668 c1124 c26 c1183 c517 c615 c664 c1094 c1205 c956 c608 c461 c1193 c1157 c337 c1163 c212 c1324 c4 c679 
YouTubeXv1
c111 c512 c701 c184 c499 c1257 c1163 c907 c608 c1321 c337 c642 c675 c1105 c530 c1198 c26 c1079 c368 c955 c1193 c1124 c1295 c1042 c664 c949 c1183 c531 c845 c856 c425 c144 c1324 c461 c834 c874 c1237 c780 c313 c183 
ChatZv9
c368 c0 c1105 c1237 c425 c1257 c1456 c1321 c874 c737 c799 c663 c531 c183 c179 c641 c845 c204 c740 c121 c1183 c999 c442 c1295 c1198 c398 c899 c184 c664 c642 c313 c736 c512 c382 c1308 c955 c1285 c675 c1383 
VideoNextv3
c121 c1205 c1456 c845 c834 c960 c608 c657 c675 c1094 c737 c642 c135 c4 c1237 c708 c533 c26 c491 c376 c1257 c907 c1383 c271 c55 c512 c963 c531 c999 c185 c1130 c1399 c212 c653 c1042 c1295 c899 c874 c184 c1446 c499 c799 c44 c1388 c137 c63 c956 c337 c666 c12 c641 c738 c1314 c670 c193 c1170 c1183 c483 
ScholarZv1
c1456 c491 c121 c1193 c135 c1042 c111 c874 c454 c847 c670 c608 c955 c368 c4 c1105 c442 c949 c1285 c204 c382 c1324 c1281 c83 c587 c642 
DrawingsUltrav1
c1321 c1295 c1399 c55 c641 c1193 c1456 c1237 c263 c135 c442 c1124 c63 c740 c1042 c963 c169 c1324 c987 c587 c551 c215 c1194 c531 c83 
ChatLitev7
c26 c313 c531 c4 c608 c899 c185 c44 c0 c1308 c845 c204 c736 c1170 c738 c955 c135 c1349 c121 c320 c92 c1232 c212 c512 c1237 c111 c1105 c343 c1321 c1079 c1295 c271 c641 c1198 c920 c642 c1049 c551 c799 c1124 c999 c907 c1183 c425 c740 c382 c55 c653 c1456 c1470 c1446 
BloggerLitev6
c1183 c1079 c26 c999 c212 c850 c551 c425 c4 c1105 c491 c663 c1262 c184 c12 c1198 c511 c531 c1205 c949 c442 c313 c1042 c121 c587 c847 
AndroidUltrav5
c1324 c0 c55 c44 c531 c1194 c1198 c740 c1205 c527 c1281 c852 c121 c271 c1170 c1124 c1349 c26 c76 c1065 c1130 c1321 c185 c551 c955 c1456 c193 c533 c615 c512 
GroupsProv1
c531 c1183 c271 c847 c949 c368 c960 c442 c963 c736 c530 c313 c1193 c1383 c183 c1124 c653 c956 c83 c1321 c533 c1138 c367 c737 c899 c215 c670 c608 c4 c44 c697 c121 c1324 c1316 c907 c63 
PatentsProv3
c738 c1130 c1094 c920 c313 c530 c491 c856 c121 c533 c1042 c1383 c517 c608 c44 c1316 c1442 c874 c531 c270 c960 c0 c1257 c76 c382 c1170 c701 c63 c1198 c1163 c1308 c111 c736 c169 c850 c1237 c1157 c847 
SecureLitev1
c1237 c1042 c1285 c179 c382 c920 c1138 c1198 c1169 c737 c642 c1456 c847 c960 c675 c44 c144 c999 c1321 c1194 
CastOSSv8
c63 c135 c425 c856 c1232 c4 c121 c963 c55 c382 c1349 c491 c1194 c169 c701 c587 c533 c1094 c847 c219 
ScholarMaxv3
c1079 c4 c1205 c856 c956 c955 c963 c137 c531 c382 c670 c852 c907 c320 c107 c949 c454 c1295 c1193 c960 c1194 c1308 c398 c675 c215 c1169 c668 c1198 c1170 c1124 c701 c533 c368 c874 c1257 c425 c1183 c0 c736 c169 c63 c83 c1237 c183 c708 c664 c1321 c491 c527 c1094 c1399 
GlassOSUltrav7
c4 c1124 c533 c111 c1170 c1157 c442 c499 c55 c41 c907 c737 c368 c1094 c1383 c212 c1079 c670 c963 c425 c642 c1324 c31 c845 c531 c63 c874 c1042 c847 c736 c675 c615 c184 c986 c551 c1193 c999 c850 
SitesProv2
c185 c641 c26 c144 c963 c76 c670 c874 c1193 c320 c587 c1324 c1079 c107 c83 c184 c425 c1094 c1399 c382 c563 c517 c653 c442 c337 c1198 c920 c121 c531 c737 c183 
SkyUltrav1
c531 c847 c1285 c587 c1237 c491 c343 c184 c960 c955 c1138 c1198 c4 c1446 c899 c1042 c204 c1349 c63 c1194 c675 c26 c313 c1079 c1383 c1105 
ArtsSv6
c1316 c740 c563 c736 c955 c1321 c1295 c1130 c398 c1183 c63 c1049 c799 c907 c1446 c1308 c425 c960 c343 c920 c1198 c1285 c491 c551 c0 c185 c999 c663 c1042 c44 c899 c963 c383 c668 c1205 c26 
ReleaseUltrav2
c1446 c44 c608 c0 c1081 c398 c1183 c558 c499 c874 c1383 c1194 c107 c219 c664 c899 c641 c1163 c708 c1456 c1198 c382 c1308 c76 c1096 
LearnNextv3
c874 c1324 c1105 c668 c193 c1081 c899 c675 c1130 c664 c1349 c204 c343 c963 c1183 c398 c1237 c1193 c1205 c382 c185 c499 c1124 c1316 c442 c368 c1049 c1079 c512 c1251 c1194 c955 c907 c55 
FuchsiaZv7
c184 c563 c641 c740 c533 c1295 c1321 c1124 c587 c679 c847 c608 c491 c137 c313 c1251 c1262 c1232 c0 c179 c92 c1456 c26 c531 c1079 c701 c461 c83 c642 c1193 c845 c1324 c675 c670 c1285 c1205 c1163 c271 c530 c76 c834 c1042 c454 c4 c107 c1169 c1308 c999 c907 c1170 c44 c183 c1198 c955 c382 c12 c1399 
SearchUltrav1
c874 c641 c144 c955 c121 c425 c1130 c1295 c856 c963 c1316 c271 c527 c193 c1321 c135 c12 c551 c907 c642 c212 c337 c1456 
StreamNextv8
c963 c313 c527 c135 c1295 c701 c1285 c642 c270 c1383 c137 c215 c1105 c531 c1257 c955 c920 c708 c144 c530 c641 c956 c899 c1446 c76 c44 c653 c1042 c193 c121 c845 c1193 c398 c1198 c343 c738 c283 c425 c26 c852 c271 c1456 c111 c1067 c1094 c1124 
GlassOSZv2
c663 c1079 c184 c533 c1183 c1262 c1237 c1193 c1295 c425 c343 c641 c701 c670 c1308 c212 c1321 c1205 c530 c1105 c44 c204 c955 c1170 
ShoppingNextv6
c955 c1183 c663 c679 c641 c1193 c204 c1308 c874 c55 c845 c847 c1049 c1295 c963 c949 c736 c642 c263 c425 c1130 c1169 c41 c0 c235 
FinanceNextv3
c1349 c212 c184 c1124 c1237 c1065 c1049 c615 c563 c856 c271 c1324 c382 c491 c1169 c963 c653 c701 c960 c0 c1193 c44 c834 c1079 c737 c111 c874 c55 c499 c1285 c135 c183 c1308 c1130 c1163 c907 c1194 c1321 c531 c533 c185 c41 c1094 c664 c1446 
SkyNextv7
c874 c1042 c1205 c587 c183 c920 c313 c270 c736 c955 c740 c271 c76 c1321 c664 c1163 c1399 c679 c963 c533 c169 c845 c491 c368 c1079 c1262 c4 c1049 c1308 c382 c425 c1198 c204 c1193 c12 c1237 c135 c512 c1130 c527 c461 
CodeNextv2
c920 c83 c169 c1163 c499 c135 c701 c740 c642 c1094 c963 c1193 c1321 c955 c111 c1205 c4 c44 c799 c856 c1130 c1067 c1198 c1232 
PhoneUltrav9
c530 c184 c675 c1130 c1194 c1157 c1198 c587 c1094 c121 c834 c425 c1098 c632 c850 c1237 c670 c920 c26 c161 c341 c899 c499 c1316 c737 c1183 c169 c1257 c653 c1124 c701 c664 
DatasetSearchUltrav4
c184 c12 c442 c963 c899 c920 c517 c679 c1456 c271 c736 c663 c1169 c1383 c530 c738 c83 c343 c1308 c313 c740 c212 c701 c1049 c44 c1065 c642 c1205 c1198 c641 c907 c1321 c1079 c283 c999 c1285 c537 c608 c1446 
PatentsXv6
c1081 c185 c121 c963 c137 c1308 c1124 c856 c1193 c1316 c235 c663 c1285 c1049 c834 c44 c1169 c1257 c144 c63 c4 c736 c1237 c1446 c204 c26 c193 c668 
DataSv1
c185 c641 c668 c337 c708 c425 c1193 c737 c1170 c899 c1157 c850 c1446 c907 c1194 c736 c955 c83 c963 c1049 c1316 c1130 c212 c76 c137 c1456 c382 c107 c461 c1262 c1065 c663 c4 c527 c845 c320 c653 c834 c563 c263 c1324 c442 c512 c270 c204 
DreamUltrav3
c376 c12 c1081 c653 c675 c1124 c1042 c44 c1198 c1308 c121 c1237 c668 c137 c960 c454 c1324 c212 c1262 c955 c111 c1316 c587 c1183 c1105 c1193 c195 c1295 c530 c999 c1251 c1281 c107 c670 c845 c26 c899 c1456 c1079 c135 c551 c1130 c1157 c608 c760 c1499 c185 c219 c529 c0 
TranslateXv6
c608 c1446 c44 c461 c1383 c675 c799 c313 c1321 c107 c1130 c184 c845 c1295 c708 c160 c1399 c1194 c1456 c1193 
DuoMaxv4
c1237 c442 c137 c1042 c1383 c1446 c653 c531 c1130 c185 c135 c1138 c874 c679 c663 c83 c1316 c512 c799 c63 c1456 c184 c834 c1324 c641 c1163 c55 c899 c271 c1169 c701 c527 c1321 c425 c1065 c1198 c0 c642 c530 c1205 
DataSv2
c551 c12 c653 c1262 c1324 c642 c337 c1170 c531 c137 c4 c847 c1321 c454 c425 c320 c1193 c963 c530 c313 c398 c382 c1079 c799 c955 c1446 c999 c121 c107 c664 c271 c1316 c960 c63 c183 c1308 c920 c527 c26 c517 c270 c185 c641 c135 c1257 c491 c675 c736 c1067 c184 c608 c368 c1183 c1124 c563 c1083 
TranslateProv2
c425 c271 c708 c1321 c1169 c1308 c212 c642 c531 c63 c1105 c1170 c313 c1042 c491 c111 c850 c499 c193 c1399 c737 c907 c184 c1237 c398 c1198 c83 c55 c185 c736 c1446 c1257 c533 c1383 c1232 c701 c664 c1310 c512 
DataUltrav8
c1308 c121 c1232 c563 c1194 c845 c531 c708 c1130 c1446 c517 c1193 c963 c920 c850 c1198 c587 c874 c1257 c949 c185 c219 c986 c530 c1324 c668 c111 c425 c799 c1262 
ShoppingUltrav1
c1081 c679 c960 c1079 c491 c1105 c1138 c1295 c1321 c1399 c183 c320 c1205 c169 c907 c1456 c107 c1194 c527 c270 c442 c26 c184 c738 c1198 c185 c856 c675 c668 c641 c1042 c215 c398 c1183 c368 c642 c670 c664 c383 c4 c608 c845 c343 c850 c1237 c530 c920 c955 c969 
PatentsMaxv8
c135 c4 c368 c313 c642 c1295 c664 c1308 c615 c1262 c271 c641 c1163 c1205 c137 c1130 c1042 c1170 c907 c1081 c12 c668 c1251 c856 c1079 c183 c121 c1198 
SecureProv9
c1079 c107 c1042 c1321 c1399 c0 c26 c4 c12 c137 c1049 c313 c184 c899 c491 c1324 c169 c1130 c368 c121 c1170 
SheetsProv2
c850 c442 c271 c670 c1295 c587 c376 c512 c834 c1321 c4 c708 c63 c1232 c1205 c1124 c641 c55 c963 c12 c215 c263 c608 c955 c1042 c668 c663 c219 c740 c1310 c1251 c701 c1183 c1079 c1193 c111 
PatentsZv3
c1237 c642 c1042 c461 c531 c1163 c1308 c26 c193 c1456 c845 c212 c653 c137 c670 c1169 c1124 c737 c219 c1295 c1198 c1130 c852 c1205 c664 c608 c425 c551 c92 c679 c1446 c960 c963 c76 c533 c83 c955 c184 c663 c183 c382 c701 c920 c847 
ChromeLitev7
c740 c185 c663 c960 c212 c641 c55 c1138 c852 c1124 c44 c219 c1324 c1205 c204 c499 c920 c907 c184 c0 c955 c1163 c664 c642 c1169 c1105 c1042 c1194 c1446 c76 c215 c461 c512 c608 c899 c121 c26 c1295 c1308 c530 c425 c1285 c320 c12 c337 c1456 c1251 c1094 c874 c1383 c670 c999 c63 c551 c856 
ResearchProv3
c337 c738 c425 c454 c1285 c653 c1042 c1193 c1065 c845 c320 c663 c1237 c856 c1105 c1157 c1232 c955 c1324 c144 c530 c491 c874 c26 c107 c956 c907 c641 c135 c499 c1049 c1308 c642 c1138 c313 c1169 c563 c1295 c1183 c920 c1170 c137 c41 c184 c1262 c589 c608 c0 c4 
CalendarMaxv7
c664 c530 c44 c185 c608 c1349 c736 c1237 c12 c107 c587 c1193 c1383 c271 c663 c1194 c1094 c212 c1251 c899 c183 c1065 c499 c219 c1079 c1157 c551 
StreetViewZv4
c55 c845 c44 c212 c664 c1065 c1205 c184 c398 c76 c1198 c1237 c963 c144 c179 c320 c960 c907 c533 c675 c337 c1169 c1383 c530 c999 c708 c185 c737 c1124 c608 c847 c1349 c920 
VoiceUltrav2
c204 c1193 c999 c1042 c212 c44 c491 c1198 c1321 c1094 c121 c1308 c1079 c563 c135 c41 c337 c517 c1295 c1322 c179 c185 c1105 c533 c531 c1124 c850 c675 c963 c320 c641 c1383 c1049 c313 c851 c664 c561 c193 c642 c1183 c874 c960 c137 c4 c736 c1446 c701 c271 c184 c834 
DatasetSearchZv7
c1324 c137 c615 c1446 c1285 c204 c845 c1456 c1124 c1205 c740 c963 c899 c1170 c26 c1169 c907 c270 c44 c219 c398 c527 c664 c12 c949 c1138 c708 c670 c382 c184 c675 c491 c587 c738 c1130 c215 c1237 c1193 c1042 c1079 c425 c1232 c533 c193 c63 c1183 c271 c736 
BooksLitev3
c1130 c398 c1042 c1324 c313 c442 c641 c530 c1232 c107 c701 c1193 c1124 c179 c1295 c999 c1237 c587 c1399 c1157 c1456 c271 c1383 c1169 c533 c615 c1316 c1446 c193 c1198 c41 c955 c1163 c1308 c642 c0 c4 c270 c551 c219 c111 c26 c1170 c185 c263 c144 
DocsSv8
c1042 c531 c563 c26 c107 c675 c1321 c856 c587 c1065 c955 c907 c491 c962 c376 c383 c343 c1295 c960 c83 c641 c169 c45 c1124 c920 c642 c963 c670 c1399 c533 c1094 c899 c679 c653 c137 c1324 c313 c184 c616 c949 c1262 c1308 c1105 c44 c305 c283 c121 c4 c270 c668 c1163 
FeedBurnerMaxv5
c799 c44 c121 c337 c1157 c850 c1124 c847 c368 c587 c1383 c271 c1193 c1295 c834 c1208 c512 c642 c737 c212 c969 
FormsProv8
c845 c1124 c144 c608 c1446 c653 c1169 c660 c320 c169 c874 c1163 c563 c642 c107 c425 c799 c183 c83 c491 c907 c587 c1183 c1193 c963 c1295 c675 c1456 c1194 c1105 c1324 c313 c367 c834 c1383 c219 c663 c442 c955 c343 c1262 c135 c512 c531 c337 c920 c850 c670 c668 c856 c137 c26 c641 c1170 c76 c0 c1198 c1308 
GmailZv1
c668 c1324 c1157 c1198 c1094 c799 c856 c740 c530 c587 c1295 c907 c44 c1442 c608 c675 c1105 c845 c1308 c1183 c121 c1124 
SlidesUltrav6
c1169 c1183 c874 c736 c1456 c376 c169 c1308 c907 c642 c531 c1321 c834 c1349 c701 c1105 c1124 c491 c587 c461 c219 c1262 c847 c850 c670 c1257 c26 c663 c1193 c184 c459 c193 c1295 c83 c137 c63 c398 c1027 c899 c517 c121 c160 c1157 c1081 c960 
GameMaxv5
c531 c1042 c1163 c1251 c1094 c963 c1170 c169 c530 c1295 c551 c874 c184 c642 c1198 c1321 c1138 c701 c608 c1157 c737 c899 c512 c1257 c1383 c44 c1399 c76 c1081 c956 c63 c179 c55 c121 c1116 c1193 
FinanceSv2
c491 c454 c852 c1321 c1308 c531 c663 c270 c1324 c137 c920 c320 c1205 c701 c708 c530 c425 c135 c1383 c193 c343 c215 c382 c313 c642 c0 c847 c737 c1237 c675 c1170 c169 c271 c533 c736 c1094 c1042 c1262 c263 c799 c26 
SearchLitev1
c107 c313 c111 c1163 c663 c653 c1042 c41 c1257 c1130 c179 c874 c845 c331 c856 c587 c1321 c185 c551 c701 c1308 c337 c899 c1198 c1157 c454 c920 c1383 c44 c760 c956 c740 c664 
PhoneProv7
c949 c184 c425 c0 c956 c1205 c1193 c1232 c737 c615 c850 c1042 c1169 c1324 c852 c642 c313 c663 c271 c736 c1105 c608 c215 c986 c1170 c367 c263 c874 
VideoProv1
c1446 c83 c642 c63 c215 c1169 c664 c1094 c920 c461 c1138 c955 c1205 c1183 c1324 c219 c184 c587 c670 c271 c425 c212 c963 c663 c107 c26 c1237 c55 c899 c1157 
ShoppingProv1
c1124 c204 c313 c845 c664 c1183 c530 c76 c850 c1170 c920 c533 c107 c1321 c12 c999 c653 c320 c608 c1042 c1446 c44 c1081 c955 c587 c1198 c337 c1079 c1295 c219 c1456 c736 c641 c1205 c708 c856 c1169 c1383 c121 c642 c551 c670 c398 c270 c899 c63 c1157 c960 c1237 c1194 c1130 c986 
GlassOSZv7
c960 c135 c1138 c663 c963 c531 c955 c1456 c551 c1079 c533 c1124 c642 c738 c845 c1042 c183 c313 c499 c641 c1205 c4 c736 c920 c55 c1105 c670 c169 c179 c608 
AndroidTVProv9
c179 c517 c135 c920 c1130 c1324 c1170 c320 c1383 c1456 c736 c663 c642 c1251 c1237 c1446 c193 c1349 c442 c641 c270 c530 c1105 c271 c551 c1049 c1295 c1079 c960 c63 c12 c675 c512 c856 c343 c845 c121 c874 c1124 c1193 c44 c95 c847 
AndroidAutoUltrav7
c1399 c955 c1170 c1205 c4 c1324 c856 c442 c1308 c1183 c1198 c454 c533 c736 c874 c899 c219 c1130 c963 c563 c1281 c212 c1094 c527 c1295 c1096 c44 c1079 c135 c491 c331 c107 c653 c1251 c343 c920 c30 c675 c551 c184 c670 c1316 c63 c1257 c425 c1456 c1083 c668 
DriveMaxv5
c12 c184 c1042 c653 c642 c551 c874 c1198 c137 c737 c1130 c517 c135 c701 c76 c121 c615 c856 c608 c963 c1446 c955 c1295 c675 
ChromeZv2
c1308 c999 c587 c204 c44 c608 c1237 c899 c135 c663 c1194 c1183 c1198 c1205 c0 c1042 c956 c179 c1399 c215 c185 c664 c847 c708 c1170 c874 c530 c641 c1124 c986 c425 c1324 c442 c144 c740 c1079 c169 c1349 c1295 c551 c83 c701 c271 c1169 c1310 c1065 c1138 c1130 c736 c920 c26 
TravelUltrav7
c1169 c799 c587 c1094 c76 c1124 c55 c670 c907 c608 c999 c1321 c960 c856 c1205 c1349 c531 c343 c615 c641 c107 c668 c1324 c1322 c845 c675 c642 c1383 c858 c263 c169 c920 c1316 c899 c850 c1484 c461 c701 c425 c1042 c1138 c874 c0 c1079 c986 c533 c847 c283 c1295 c337 c853 c144 c135 c1081 c1130 c737 c45 
SlidesMaxv8
c1194 c1170 c26 c955 c668 c144 c1042 c1094 c847 c907 c1308 c641 c1285 c0 c320 c999 c169 c337 c1237 c1316 c1383 c670 c856 c899 c44 c215 c664 c1163 c1251 c63 c736 c1446 c920 c271 c1295 c1183 c1130 c442 c1105 c1257 c137 c1442 c1456 
GroupsProv2
c615 c1383 c219 c1079 c44 c83 c1237 c608 c41 c1138 c184 c55 c642 c1124 c736 c271 c179 c425 c1205 c850 c679 c1130 c527 c1232 c663 c852 c320 c204 c1042 c531 c193 c530 c1193 c1094 c907 c563 c1262 c668 c1105 c1065 c587 c845 c920 c1446 c1081 c1169 c533 c1308 c949 c641 
ChartsLitev5
c1295 c83 c845 c1079 c920 c955 c184 c653 c1446 c1232 c1163 c1193 c1383 c736 c1124 c12 c670 c1321 c1262 c874 c517 c499 c137 c1105 c812 c1183 c899 c701 c760 c55 c26 c563 c963 c179 c668 c737 c1042 c530 c1308 c740 c608 c270 c1251 c271 c144 c1157 c1349 c852 c664 c368 
GroupsUltrav2
c1232 c1446 c26 c212 c1183 c530 c1079 c670 c874 c1237 c563 c1205 c169 c845 c799 c1321 c1170 c491 c461 c1251 
ChartsLitev1
c1456 c899 c533 c399 c179 c679 c83 c530 c664 c608 c1130 c1065 c26 c193 c1049 c1349 c1081 c850 c1399 c1308 c907 
ResearchLitev3
c701 c135 c121 c1205 c845 c1163 c1324 c527 c531 c179 c663 c1157 c615 c212 c1193 c184 c169 c708 c736 c1295 c26 c642 c1094 c1456 c551 c641 c653 c1446 c1262 c874 c1316 c1170 c512 c960 c738 c137 
PhotoProv2
c169 c608 c641 c1042 c1081 c615 c799 c999 c642 c144 c874 c1169 c212 c63 c1205 c425 c670 c111 c527 c512 c679 c184 c44 c135 c1383 c1194 c195 c530 c1105 
PhoneProv5
c368 c1105 c461 c1193 c907 c663 c1138 c512 c491 c530 c1399 c1446 c587 c204 c1456 c955 c1094 c963 c641 c1183 c845 c668 c1130 c856 c184 c737 c960 c1237 c1324 c169 c183 c527 c899 c454 c1295 c44 c343 c874 c642 c1081 c850 c135 c263 c1285 c736 c235 c1065 c55 c615 c738 c499 
KeepUltrav4
c847 c1193 c587 c920 c491 c527 c642 c531 c425 c845 c1105 c1324 c343 c337 c1456 c955 c999 c1163 c653 c1295 c1081 c41 c1308 c4 c907 c501 c0 c563 c949 c271 c661 c1170 c1237 c1383 c212 c313 c1042 c1065 
ImagesSv1
c1105 c55 c668 c1193 c1321 c376 c675 c135 c1237 c1257 c1130 c1446 c899 c184 c26 c960 c83 c270 c44 c1399 c1232 c313 c1205 c608 c137 c920 c185 c530 c1094 c939 c664 c615 c963 c551 c111 c499 c845 
ImagesZv5
c111 c4 c1237 c1324 c179 c1193 c1079 c799 c491 c26 c740 c551 c83 c642 c736 c738 c641 c512 c852 c1399 c1183 c184 c533 c169 c1094 c955 c1194 c1081 c204 c1308 c587 c137 c874 c1310 c663 c664 c425 c55 c1257 c1049 c737 c107 c368 c1262 c653 c531 c1446 c986 c999 c856 c185 c960 c834 c271 c212 
FlightsNextv3
c663 c1198 c1383 c531 c517 c527 c856 c899 c653 c270 c907 c675 c121 c1295 c530 c799 c26 c1169 c1262 c184 c874 c1251 c736 c1105 c1456 c641 c1193 c738 c55 c701 c63 c320 c920 c1237 c845 c343 c1170 c834 c1205 c183 c271 c0 c949 c697 c204 c12 c83 c608 c1079 c963 c41 c708 c442 
DuoXv4
c1324 c675 c1130 c1205 c1308 c587 c960 c670 c955 c641 c1295 c653 c1321 c956 c738 c1169 c740 c963 c1285 c1198 c1257 c1138 c283 c1105 c343 c425 c1049 c999 c679 c270 c907 c1484 c121 c1399 c920 c563 c461 c663 
OsProv6
c1232 c1295 c587 c1079 c1285 c1198 c4 c1183 c736 c663 c204 c1130 c963 c1383 c382 c641 c44 c907 c337 c1321 c1042 c668 c738 c608 c512 c461 c847 c107 c169 c642 c960 c193 c235 c949 c55 c737 c899 c270 c675 c850 c856 c1324 c563 c999 c320 c834 c215 c1194 c533 c874 c664 c1308 c531 c368 c740 c219 c263 
DreamUltrav9
c55 c856 c425 c899 c527 c83 c1183 c1257 c615 c701 c874 c4 c337 c1157 c1205 c1262 c63 c530 c955 c76 
SheetsNextv8
c740 c587 c1349 c219 c1383 c845 c121 c1295 c530 c461 c1049 c670 c899 c657 c313 c1183 c701 c1193 c63 c0 c847 c551 c271 c907 c1096 c107 c736 c1232 c1399 c1237 c55 c1198 c499 c169 c1170 c563 c1169 c1446 c212 c874 c331 c44 c26 c1130 c660 c343 c1124 
VideoUltrav2
c845 c1321 c1193 c1042 c382 c1065 c608 c111 c212 c1446 c955 c1170 c55 c1124 c517 c1308 c193 c663 c313 c999 c169 c1130 c512 c1157 c183 c653 c551 c780 c1310 c63 c1094 c331 c852 c874 c398 c454 c701 c1049 c533 c1205 c708 c1237 c736 c1324 c107 c963 c670 c1232 c184 c1183 c527 c1138 
FlightsProv7
c183 c1193 c670 c899 c1081 c111 c1321 c1251 c1105 c530 c320 c0 c653 c955 c41 c121 c135 c663 c587 c664 c1194 c26 c204 c1042 c907 c708 c1124 c44 c1237 c847 c531 c63 c852 
GameSv2
c1163 c852 c454 c1157 c1138 c1079 c1081 c1237 c491 c1042 c55 c963 c1194 c343 c664 c1308 c219 c1295 c653 c283 c1198 c563 c736 c899 c920 c442 c1446 c271 c1316 c121 c1169 c834 c1049 c847 
AlertsLitev8
c874 c1105 c1194 c963 c615 c1322 c663 c4 c845 c999 c899 c664 c1295 c587 c1130 c320 c1480 c641 c670 c1169 c179 c144 c198 c608 c1116 c533 c121 c1251 c642 c517 c1262 c331 c76 c850 c531 c1193 c425 c337 c1237 c1456 c1096 c740 c955 c215 c185 c920 c1198 c499 c676 c853 c847 c184 c1042 c271 c107 
FinanceMaxv3
c41 c664 c533 c1198 c382 c1456 c1237 c76 c679 c26 c1349 c337 c368 c121 c531 c1308 c343 c1316 c1042 c1124 c144 c675 
MoonSv7
c1324 c1042 c899 c313 c963 c664 c512 c1081 c1237 c1257 c1124 c1399 c1194 c668 c663 c1295 c1130 c1456 c675 c1079 c874 c204 c850 c949 c1232 c736 c642 c531 c787 c1170 c382 c376 c1384 c1169 c1308 c1163 c83 c1161 c530 c799 c738 c4 c179 c107 c499 c76 c208 c1480 c491 
AndroidAutoUltrav9
c533 c1399 c184 c107 c615 c1194 c1169 c382 c1324 c517 c1198 c608 c1321 c121 c956 c193 c1205 c398 c856 c1130 c679 c26 c907 c425 c920 
FlightsXv2
c956 c1124 c185 c530 c1349 c26 c1193 c1042 c454 c701 c1130 c533 c587 c382 c313 c491 c83 c1399 c641 c847 c1316 c1383 c1163 c1079 c111 c442 c12 c1321 c675 c531 c664 c499 c512 c63 c1105 c780 c425 c670 c1456 c1308 c1205 c368 c1194 c76 c4 c135 c1310 c1170 c1169 c608 c986 c1257 c383 c850 c219 c212 c1065 
DuoZv7
c512 c26 c1130 c1205 c701 c960 c425 c670 c1308 c615 c44 c1383 c55 c834 c1446 c1321 c1194 c1295 c1157 c663 c1105 c668 c517 c193 c1232 c121 c907 c135 c1124 c195 c1169 
BloggerProv4
c736 c1124 c1138 c1081 c664 c1237 c193 c271 c1308 c949 c874 c382 c219 c1446 c83 c1324 c425 c55 c1079 c653 c1321 c955 c642 c641 c1262 c121 c1198 c963 c726 c1042 c76 c1257 c587 c185 c1130 c44 c1094 c1205 c0 c907 c26 c41 c533 c169 c663 c1383 c1310 c670 
DriveMaxv2
c1383 c1257 c1124 c664 c135 c1094 c533 c26 c679 c1170 c1324 c1157 c587 c663 c1456 c641 c368 c1232 c305 c1163 c121 c850 c907 c799 c845 c999 c1079 
StorageXv7
c1295 c83 c701 c963 c193 c111 c135 c845 c313 c1124 c1130 c1262 c1470 c1237 c1161 c235 c1349 c907 c271 c184 c668 c551 c512 c219 c1446 c949 c986 c533 c212 c185 c531 c537 c847 c530 c899 c0 c1065 c283 c736 c1081 c563 c642 c1383 c675 c738 c1169 c1193 c263 
KeepMaxv1
c1094 c963 c499 c442 c949 c204 c653 c874 c461 c491 c845 c1081 c999 c1237 c675 c736 c1138 c708 c737 c642 c740 c531 c1257 c670 c1163 c320 c271 c425 c563 c907 c701 c847 c454 c219 c76 c41 c1042 c512 c63 c986 
PhotoLitev1
c204 c907 c642 c701 c960 c708 c1446 c1042 c219 c1308 c1456 c955 c398 c920 c1198 c899 c1138 c1079 c740 c212 c736 
FormsZv3
c587 c63 c219 c641 c83 c1205 c1049 c856 c1157 c425 c850 c907 c999 c530 c1198 c874 c963 c1285 c1295 c1130 c1324 c270 c1321 c529 c473 c1383 c184 c1124 c664 c1480 
TranslateXv8
c850 c204 c4 c1446 c179 c137 c63 c587 c668 c83 c1295 c708 c26 c1205 c641 c1079 c55 c1399 c1170 c1324 c899 c76 c675 c1042 c736 c531 c1183 c121 c313 c184 c1237 c1232 c185 c1049 c845 c270 c960 c608 c1316 c263 c1124 c533 c653 c1065 
StreetViewLitev5
c641 c1456 c955 c664 c44 c1321 c1130 c1105 c121 c874 c737 c708 c144 c642 c701 c1262 c736 c1308 c185 c382 c135 c653 c845 c184 c668 c1081 c320 c524 c1183 c1046 c41 c26 c850 c1295 c847 c963 c999 c263 c960 c1193 c1116 c1049 c920 c343 c1065 c907 c856 c1446 c107 c1349 c530 c1322 c799 
OsXv9
c1042 c701 c169 c1183 c1237 c736 c491 c1295 c137 c1157 c653 c679 c737 c1205 c12 c1094 c55 c920 c664 c425 c44 c1308 c740 c1169 c1170 c834 c1324 c1198 c960 c4 c107 c899 c850 c531 c121 c847 c587 c663 c907 c215 c83 
ChromeUltrav3
c736 c551 c963 c1169 c1094 c527 c920 c283 c343 c956 c83 c442 c215 c185 c675 c1446 c1170 c1079 c111 c1237 c55 
FormsNextv1
c135 c738 c1383 c183 c454 c111 c1316 c12 c641 c320 c740 c956 c1042 c121 c1079 c736 c1251 c708 c1081 c83 c1285 c999 
CultureLitev7
c26 c320 c184 c1079 c533 c737 c1124 c679 c1169 c608 c708 c527 c587 c1205 c736 c664 c1193 c215 c907 c135 c512 c343 c1094 c442 c1321 c204 c670 
KeepLitev6
c642 c183 c960 c999 c212 c740 c1456 c461 c799 c1157 c1130 c587 c63 c1138 c1193 c956 c491 c1081 c1324 c499 c701 c1295 c1042 c845 c517 c1383 c184 c1198 c1124 c1321 c664 c1446 c653 c1170 
TranslateSv8
c1251 c137 c1316 c499 c737 c999 c1130 c1198 c1205 c530 c1446 c193 c960 c343 c368 c1105 c1042 c738 c26 c121 c1399 c642 c736 c4 c899 c653 c425 c83 c76 c1324 c184 c1295 c185 c641 c270 c107 c283 c664 c740 c670 
GlassOSNextv9
c587 c999 c920 c845 c1205 c1065 c955 c137 c679 c1105 c1321 c736 c184 c1130 c44 c1124 c368 c907 c425 c1042 c986 c1456 c1262 c193 c531 c169 c76 c653 c1237 c852 c1079 c1324 c642 c517 c382 c442 
WearOSMaxv2
c1193 c1105 c1170 c491 c874 c1042 c382 c1163 c845 c4 c1094 c1237 c1295 c587 c1308 c1198 c107 c313 c641 c44 c1065 c907 c184 c1446 c1324 c675 c664 c670 c1130 c920 c963 c1316 c642 c219 c1169 c999 c144 c850 c1480 c530 c1257 c271 c461 c899 c425 c1383 c608 c708 c1262 c960 c193 c563 c1079 c263 c955 c83 c179 c701 
DaydreamUltrav1
c1295 c530 c1456 c111 c1198 c179 c1183 c736 c963 c874 c343 c1321 c799 c1324 c642 c641 c382 c183 c663 c1383 c491 c1308 c1399 c1163 c845 c920 c679 c461 c499 c26 c425 c368 c1310 c615 c955 c551 c960 c1316 c608 c847 c587 c1065 c271 c907 c313 
FlightsUltrav5
c664 c737 c1308 c121 c1310 c26 c1383 c337 c955 c670 c899 c587 c847 c1446 c4 c1257 c1042 c675 c1194 c270 c313 c642 c663 c184 c736 c999 c1065 c331 c834 c1198 c852 c1285 c169 c200 c12 c382 c499 
CalendarXv4
c874 c271 c179 c63 c530 c212 c653 c313 c1456 c533 c4 c587 c512 c499 c12 c1349 c204 c963 c1399 c847 c663 c1130 c551 c1169 c193 c219 c907 c1105 c184 c899 c1308 c442 c657 c1138 c26 c642 c960 c670 c337 c1310 
ShortsSv9
c663 c1183 c212 c899 c1399 c491 c999 c1198 c1124 c847 c1169 c653 c1308 c1251 c512 c1237 c920 c670 c1049 c107 c367 c1205 c1130 c949 c1295 c845 c313 c1065 c1163 c376 c668 c799 c169 c708 c83 c425 c960 c660 c41 c270 c1257 c1105 c738 c1383 c184 c137 c121 c701 c827 c737 c907 c1096 c963 c588 c26 c454 
DatabaseUltrav7
c491 c212 c111 c193 c1183 c530 c1295 c1456 c799 c551 c1169 c1094 c204 c956 c608 c63 c1065 c1308 c874 c4 c701 c736 c531 c1198 c1124 c512 c1205 c668 c184 c337 c907 c0 c1081 c642 c1316 c845 c920 c442 c107 c1105 c960 c1321 c641 c670 c675 c899 c1130 c663 c1262 c121 c1285 c1079 c740 c1383 c26 c144 
AndroidTVMaxv4
c1194 c1193 c960 c736 c955 c1130 c530 c738 c1349 c26 c615 c1308 c1105 c608 c852 c343 c179 c653 c999 c184 c313 c907 c1124 c847 c642 c270 c1251 c587 c670 c63 c185 c850 c956 c1094 c987 c1295 c1198 c641 c533 c834 c144 c701 c1324 c1079 c1183 c169 c1257 c517 c1322 c899 c1321 c1316 c44 c1042 c137 c1446 c219 c12 c204 
AndroidXv6
c337 c1285 c1169 c955 c63 c737 c963 c899 c4 c856 c641 c1193 c144 c533 c1124 c137 c1383 c235 c1324 c1163 c1094 c121 c587 c107 c920 c1042 c847 c1232 c193 c675 c382 c1096 c664 c44 c425 c740 c1446 c1105 c343 c1198 c531 c663 c1065 
KeepMaxv2
c1321 c1042 c1456 c641 c4 c1399 c1383 c1295 c63 c491 c1169 c1079 c1349 c1094 c1316 c212 c907 c1308 c1446 c179 c856 c529 c587 c1194 c800 c920 c30 c1105 c184 c1205 c799 c1124 c1193 c1163 c899 c551 c701 
PatentsNextv9
c608 c907 c920 c271 c1194 c26 c1321 c1170 c1130 c4 c270 c587 c1205 c425 c368 c736 c1198 c641 c1232 c615 c642 c1446 c76 c491 c0 c1094 c963 c107 c660 c1399 c376 
LearnNextv9
c956 c425 c1308 c856 c219 c736 c551 c530 c1130 c111 c663 c949 c740 c533 c675 c1399 c1049 c955 c999 c185 c1193 c212 c850 c737 c527 c1251 c41 c313 c55 c845 c653 c1314 c1079 c270 c4 c1324 c83 c1383 c799 c63 c670 c204 c1446 c1065 c1321 c1094 
FinanceUltrav8
c1295 c856 c1130 c653 c313 c121 c517 c642 c850 c1105 c736 c1124 c664 c1163 c491 c999 c1480 c1321 c271 c737 c530 c320 c41 c668 c1205 c845 c1324 c1193 
PatentsNextv7
c1130 c1124 c1399 c271 c963 c1049 c26 c135 c737 c856 c899 c63 c1065 c531 c4 c454 c955 c1105 c587 c1237 c1251 c185 c1163 c1324 c760 c44 c1193 c799 c1183 c193 c1308 c1027 c533 c701 c313 c343 c537 c204 c320 c608 c1169 c1198 c850 c859 
PatentsMaxv4
c1079 c491 c425 c1194 c1193 c664 c1262 c1183 c679 c111 c1198 c663 c1042 c212 c1105 c1285 c1205 c653 c44 c856 c76 c738 c587 c26 c512 c313 c1295 c161 c670 c1383 c55 c1324 c270 c454 c850 c1170 
GmailLitev6
c1124 c1193 c955 c670 c1295 c874 c1049 c1130 c331 c708 c701 c531 c41 c676 c1205 c899 c1349 c587 c834 c1183 c1446 c856 c799 c491 c1170 
WebserverUltrav6
c856 c12 c1105 c963 c1124 c44 c1194 c491 c664 c107 c530 c1295 c204 c563 c1193 c1198 c41 c675 c1079 c121 c799 c701 c845 c135 c184 c1205 c368 c738 c663 c533 c1130 c1456 c668 c987 c271 
StreetViewNextv4
c517 c179 c1237 c1295 c907 c955 c1042 c461 c1194 c491 c920 c169 c215 c701 c1193 c26 c874 c1081 c563 c963 c1383 c949 c670 c1130 c235 c531 
PhoneUltrav7
c1170 c955 c847 c736 c1257 c1105 c663 c1193 c653 c491 c83 c708 c1308 c4 c1163 c76 c551 c44 c1295 c454 c949 c26 c1388 c313 c1324 c343 c512 c1130 c845 c1138 c1124 c963 c1042 c1383 c271 c856 c1049 c899 c1094 c533 c641 
KeepZv5
c960 c1308 c834 c1383 c111 c663 c1198 c0 c135 c204 c675 c708 c1193 c1257 c331 c1321 c642 c461 c737 c1232 c184 c212 c856 c491 c517 c1169 c83 c55 c986 c955 c920 c367 c1446 c26 c1094 c368 c1105 c1183 c1310 c845 c343 c425 c653 c899 c499 c668 c193 c740 c1130 
YouTubeProv7
c960 c121 c1079 c920 c491 c1105 c1042 c799 c641 c1285 c737 c701 c899 c1169 c83 c44 c517 c1198 c63 c1124 c760 c845 c1399 c1295 c663 c1237 c1194 c382 c736 c874 c1324 c986 c907 c198 c179 c26 c270 c1251 c834 c212 
ChromecastXv8
c121 c219 c4 c26 c0 c454 c1257 c1237 c657 c1194 c499 c1124 c663 c740 c1383 c44 c512 c963 c1456 c337 c1198 c960 c808 c1308 
CurrentsLitev5
c1324 c1193 c679 c664 c799 c135 c1130 c587 c736 c899 c1094 c963 c1157 c653 c26 c1285 c4 c531 c1456 c1208 c1163 c907 c343 c491 c1170 c512 c1049 c708 c1079 c0 c1138 c184 c642 c499 c83 c212 c856 c955 c12 c425 c121 c845 c874 c1295 
StreetViewNextv7
c533 c899 c845 c834 c1049 c641 c531 c26 c121 c1096 c1079 c1163 c1194 c183 c736 c512 c184 c135 c1308 c1138 c198 c563 c337 c1321 c551 c1310 c675 c663 c1183 c219 c169 c701 c907 c856 c1193 c933 c12 c107 c1042 c642 c1124 c1262 c1316 c608 
ChatLitev9
c107 c675 c63 c1308 c1237 c1130 c955 c184 c668 c1285 c642 c608 c368 c999 c1193 c179 c491 c454 c907 c530 c512 c1170 c215 c331 c1232 c212 c740 c1442 c1446 c12 c653 c461 c1205 c956 c1399 c111 
FormsZv4
c641 c1183 c960 c1321 c1170 c1237 c856 c955 c83 c533 c41 c904 c642 c1130 c26 c663 c1124 c1079 c1456 c1169 c530 c828 c949 c1198 c1446 c491 c63 c1094 c675 c1194 c454 c193 c1310 c1295 c1193 
ExploreUltrav7
c530 c999 c184 c642 c1130 c641 c320 c107 c63 c83 c1324 c1157 c1321 c740 c135 c1262 c1446 c845 c963 c1205 c847 c512 c1124 c26 c121 c1094 c834 c738 c183 c1193 c737 c382 c1116 c663 c44 c1194 
SmartXv9
c563 c184 c641 c183 c425 c608 c121 c4 c701 c111 c1130 c1349 c517 c343 c382 c1295 c1198 c1232 c185 c41 c12 c1285 
YouTubeZv3
c874 c799 c425 c44 c1079 c337 c1194 c701 c204 c26 c642 c608 c856 c270 c1124 c708 c1295 c949 c847 c653 c615 c121 c111 c1232 c920 c1383 c320 c193 c1285 
BloggerLitev9
c313 c1349 c1308 c845 c664 c1198 c63 c1237 c271 c907 c828 c1324 c740 c183 c920 c76 c527 c1124 c1042 c850 c55 c856 c874 c587 c899 c121 c701 c551 c44 c663 
ConnectUltrav1
c1321 c83 c212 c551 c121 c1138 c63 c701 c800 c615 c185 c641 c1163 c1081 c679 c76 c44 c1456 c4 c799 c144 c1324 c1237 c1193 c235 c1124 c1079 c398 c963 c874 c271 c1205 c1049 c726 c1208 c1116 c270 c956 c531 c653 
ClassroomLitev4
c26 c1308 c179 c907 c1198 c204 c491 c664 c1442 c107 c0 c184 c1257 c845 c653 c1446 c615 c999 c382 c668 c215 c168 c121 
BuildXv9
c44 c0 c1193 c461 c1065 c642 c121 c1262 c1446 c320 c1295 c1316 c215 c1383 c1456 c111 c653 c76 c834 c608 c563 c1079 c937 c663 c1205 c1308 c83 c1042 c670 c1324 c1110 c736 c1310 c1169 
PhoneMaxv8
c670 c608 c963 c1124 c1205 c1308 c551 c425 c212 c442 c1079 c107 c530 c137 c874 c398 c1169 c1170 c615 c26 
KeepXv8
c1124 c1130 c1237 c382 c920 c1446 c425 c1042 c185 c1321 c1079 c1169 c736 c963 c1262 c398 c679 c955 c551 c1198 c1251 c907 c1257 c874 c1205 c1105 c845 c1285 c660 c587 c215 c517 c852 c193 c642 c738 c83 c219 c483 c531 c512 c313 c1456 
WebserverUltrav9
c193 c1170 c799 c920 c1094 c963 c215 c44 c1138 c530 c1257 c736 c313 c1105 c1308 c587 c212 c442 c1316 c1157 c533 c1251 c1383 c847 c1096 c910 c1169 c185 c856 c563 c1194 c235 c367 c561 c41 c1198 c788 c675 c454 c834 c708 c26 c589 c111 c1116 c960 c670 c83 c1205 c1065 c121 c663 c1124 
BloggerMaxv1
c337 c641 c1232 c442 c1157 c1295 c1105 c111 c845 c920 c1130 c701 c530 c1349 c4 c1321 c44 c343 c183 c1399 c963 c55 c1446 c107 c271 c1116 c1324 c737 c184 c736 
SmartZv3
c874 c701 c847 c111 c955 c83 c179 c533 c185 c55 c1194 c491 c531 c313 c1170 c899 c530 c184 c63 c563 c1324 c271 c615 c641 c664 c834 c1065 c1262 c1094 c960 c850 c1295 c1163 c986 c305 c1079 c1321 c398 c1183 c425 c642 c1169 
WebserverZv2
c313 c587 c491 c1237 c63 c1383 c563 c642 c1157 c271 c1295 c664 c1130 c4 c675 c874 c1480 c1124 c184 c517 c135 c1321 c920 c755 c856 c368 c1308 c343 c736 c1257 c955 c551 c701 
CurrentsMaxv9
c657 c454 c1285 c960 c1321 c850 c668 c1124 c135 c653 c1094 c740 c737 c1194 c1138 c121 c1324 c425 c736 c1399 c874 c920 c219 c1237 c111 c1198 c271 c530 c726 c1130 c828 c701 c341 c847 c1098 c641 c398 c83 c183 c963 c1308 c1205 c1170 c491 c185 c664 c313 c1049 c853 c955 c76 c1446 c1110 c679 c26 c107 
LearnLitev5
c527 c1198 c608 c491 c1130 c999 c1257 c664 c949 c398 c852 c107 c856 c963 c184 c1295 c737 c382 c955 c1251 c616 c899 c1321 c235 c461 c1262 
DuoMaxv3
c653 c26 c1322 c111 c517 c920 c551 c736 c0 c907 c499 c874 c1198 c121 c1110 c530 c675 c184 c587 c1251 c1324 c527 c1383 c1049 c1456 c531 c1262 c1237 c708 c268 c850 c1193 c454 c425 c1183 c641 c1308 c83 c1039 c461 c263 c219 c512 c271 c337 c491 c1169 c608 c1105 c31 
SitesZv6
c26 c670 c675 c1042 c664 c850 c1183 c955 c615 c920 c1251 c1193 c12 c1383 c313 c1295 c1105 c740 c425 c1456 c907 c1157 c641 c608 c184 c1079 
FeedBurnerXv4
c530 c1163 c907 c737 c899 c44 c1324 c1237 c874 c551 c1308 c1130 c1456 c425 c1170 c845 c999 c313 c383 c1295 c212 c121 c368 c219 c1183 c26 c215 c679 c343 c1257 
ChartsXv8
c1308 c1295 c663 c1237 c737 c63 c135 c1042 c1105 c999 c183 c219 c736 c675 c26 c121 c845 c1170 c1205 c1324 c1163 c1157 c184 c1124 c608 
AssistantLitev6
c1237 c425 c1094 c63 c1170 c847 c641 c1079 c1198 c107 c1324 c1295 c899 c184 c834 c271 c1383 c531 c83 c144 c653 c1194 c670 c195 c755 c737 c1308 c461 c563 c1310 c337 c874 c1321 c121 c111 c26 
SnapshotSv6
c271 c679 c183 c834 c1446 c76 c738 c736 c111 c135 c533 c425 c701 c376 c219 c1262 c320 c517 c587 c512 c26 c1042 c44 
TravelMaxv4
c491 c121 c1321 c442 c144 c963 c856 c1130 c949 c530 c642 c533 c1169 c664 c1157 c1383 c107 c1324 c184 c1065 c587 c1079 c204 c1442 c499 c641 c63 c271 c193 c874 c615 c1237 c847 c44 c1170 c850 c920 c708 c185 c331 c1042 c955 c0 c1308 c26 c1163 c76 c343 c960 
DriveSv6
c1324 c44 c1094 c83 c137 c533 c215 c184 c963 c1232 c1295 c955 c799 c1198 c193 c663 c425 c899 c641 c1124 c1193 c12 c1065 c271 c1321 c1081 c63 c1105 c738 c499 c608 c874 c26 c1237 c4 c679 c1446 c1170 c320 c121 c563 c653 c834 c0 
SkyMaxv4
c499 c847 c668 c4 c963 c834 c1251 c270 c527 c1237 c425 c83 c1124 c219 c1198 c55 c675 c615 c26 c736 c1205 c212 c121 c828 c44 c1193 c271 c533 c800 c1158 c1098 c1116 c1163 c1194 c1169 c235 c1170 c1079 c135 c63 c442 c263 c144 c1105 c845 c642 c517 c1446 c41 c1383 c587 c663 c679 
KeepZv3
c1193 c63 c1324 c204 c1321 c1308 c962 c1079 c1456 c653 c425 c533 c1094 c1446 c121 c737 c963 c845 c1065 c736 c670 c137 c0 c676 c454 c668 c41 c708 c283 c663 c320 c1124 c313 c219 c641 c1105 c491 c608 
LoggingSv1
c1079 c587 c1169 c1124 c425 c963 c726 c121 c675 c204 c708 c527 c44 c184 c1324 c608 c1237 c641 c1321 c1042 c1251 c517 c135 c271 c874 c653 c847 c663 c955 c845 c183 c551 c701 c26 c986 c1308 c899 
DaydreamXv7
c1198 c461 c454 c670 c738 c1094 c533 c1324 c491 c736 c1193 c1295 c874 c1170 c184 c907 c1257 c1456 c219 c313 c512 c847 c1130 c920 c737 c530 
SnapshotNextv3
c1169 c960 c1205 c856 c111 c1124 c738 c398 c1079 c642 c1198 c169 c1065 c740 c736 c499 c1094 c1194 c1130 c955 c83 c533 c874 c1105 c531 c26 c1446 c907 c263 c1170 c1295 c107 
LearnXv9
c1183 c107 c1124 c63 c111 c1321 c1138 c663 c219 c874 c1310 c708 c670 c184 c856 c960 c1157 c179 c185 c517 c1324 c1094 c368 c26 c664 c955 c1198 c1295 c135 
SnapshotLitev4
c1193 c533 c320 c1157 c955 c960 c736 c1295 c904 c1198 c121 c215 c587 c1183 c44 c737 c1094 c963 c1349 c1456 c376 c442 c527 c107 c670 c45 c738 c183 c1321 c1205 c701 c26 c454 c55 c1042 c212 c608 c398 c144 c1027 c949 c499 c1138 c668 c331 c664 c250 c83 c641 c1251 c874 c834 c800 c1079 c1098 c1049 
DocsNextv3
c737 c531 c1257 c368 c1049 c1295 c1130 c1169 c530 c899 c1198 c1065 c955 c670 c184 c1193 c960 c212 c850 c1042 c701 c111 c55 c1124 c1205 
ResearchNextv6
c1194 c1295 c551 c1169 c1124 c1130 c641 c1464 c320 c1094 c653 c1042 c899 c55 c1456 c491 c195 c642 c960 c1170 c517 c193 c12 c799 c425 c398 c1446 c664 c1079 c587 c874 c999 c737 c1324 c1198 c382 c1308 c44 c107 c1257 c563 c1049 c907 c663 c1193 c137 c1208 c740 c76 
ImagesLitev2
c679 c44 c212 c856 c1237 c1194 c1295 c121 c144 c137 c1198 c1105 c529 c531 c1130 c219 c949 c235 c1157 c587 c899 c1205 c736 c737 c563 c491 c425 c664 c179 c1098 c530 c313 c1183 c215 c1170 c1383 c1321 c461 c26 
StadiaUltrav5
c512 c215 c664 c856 c960 c587 c1079 c1193 c533 c701 c850 c920 c1262 c679 c949 c608 c1308 c0 c531 c551 c1169 c517 c212 c26 c1324 c499 c491 c271 c615 c169 c754 c530 c1081 c1194 c738 c184 c1321 c963 c653 c161 c1383 c1232 c337 c1205 c193 c676 c675 c1349 
PhotoXv8
c834 c960 c670 c1049 c874 c736 c425 c135 c1183 c1383 c0 c587 c675 c608 c169 c193 c845 c1055 c533 c963 c664 c26 c1324 c491 c1295 c121 c537 c949 
SnapshotXv3
c121 c1079 c1042 c1251 c1237 c1194 c533 c1193 c1170 c1065 c382 c83 c845 c907 c663 c670 c736 c193 c55 c0 c1183 c1446 c1295 c999 c1321 c313 c1316 c1083 c1161 c135 c219 c1124 c76 c183 c1163 c12 
DataSv6
c368 c44 c271 c641 c531 c533 c675 c320 c737 c1157 c960 c1349 c1295 c63 c664 c1464 c1456 c461 c26 c1446 
DocsNextv4
c83 c740 c960 c737 c949 c1383 c184 c986 c1324 c1262 c121 c1205 c701 c920 c615 c1094 c1079 c26 c4 c212 c670 c76 c530 c1308 c368 c899 c1295 c653 c736 c1456 c800 c1170 c874 c461 c641 c1198 c185 c1124 c271 c907 c551 c1169 c491 c999 c850 c847 c1281 c343 c808 c963 c1399 c193 c563 c1081 c1042 c425 c524 c512 
PatentsXv9
c343 c1324 c1316 c1183 c179 c1094 c121 c1456 c1124 c83 c1163 c955 c499 c1170 c63 c1130 c1079 c679 c76 c44 c920 c425 c1321 c1065 c0 c1257 
ConnectNextv5
c1295 c664 c212 c63 c1324 c1124 c26 c41 c4 c642 c55 c663 c185 c1183 c1446 c1194 c1232 c215 c1198 c1310 c44 c425 
NewsXv2
c920 c668 c1399 c1163 c382 c1205 c135 c185 c608 c642 c499 c215 c701 c1321 c874 c313 c83 c121 c1308 c4 c653 c1130 c204 c963 c1065 c1446 c999 c736 c473 c563 c454 c1295 c1105 c834 c531 c1183 c1237 c955 c1124 c587 c664 c641 c26 c937 c530 
ChromecastMaxv6
c960 c44 c663 c1257 c517 c1295 c1079 c461 c653 c608 c1399 c874 c907 c1105 c529 c212 c736 c55 c1094 c1169 c107 c530 c668 c1324 c641 c1446 c1124 c642 c270 c1383 c313 c1251 c1130 c4 c834 c531 c1281 c121 c726 c41 c1198 c1316 c1456 c1237 c271 c1157 
FlightsUltrav9
c874 c63 c653 c899 c1232 c179 c1295 c533 c1257 c1163 c26 c491 c1198 c1105 c1094 c1446 c1383 c963 c271 c1170 c670 c1124 c1183 c960 c212 c1349 c675 c193 c955 c512 c664 c235 c1193 c219 c1324 c331 c1308 
LoggingProv6
c1065 c1170 c212 c1183 c55 c1295 c1446 c1169 c1321 c76 c1456 c111 c1105 c960 c398 c1124 c1198 c737 c1257 c899 c824 c920 
DatasetSearchXv2
c1383 c137 c653 c107 c1295 c1257 c1049 c44 c1129 c512 c1065 c499 c1183 c1194 c425 c675 c121 c663 c949 c184 c135 c31 c83 c144 c799 c195 c664 c1169 c1205 c907 c313 c955 c63 c26 c343 c491 c1170 c963 
LearnXv3
c1124 c963 c135 c1183 c657 c343 c121 c1324 c845 c1205 c708 c1321 c663 c641 c1232 c1169 c55 c398 c1193 c1316 c283 c425 c1237 c679 c563 c1094 c184 c920 c675 c1349 c701 c454 c4 c320 c737 c499 c1081 c1383 c828 c1170 c185 c215 c1198 c1130 c551 c1308 c212 c461 c587 c907 c1079 
DocsMaxv5
c736 c1237 c551 c55 c874 c615 c1456 c193 c1124 c679 c1446 c907 c331 c1193 c533 c1042 c530 c183 c425 c670 c491 c587 c676 c1157 c1257 c313 c270 
KeepZv7
c663 c271 c1157 c899 c55 c1193 c529 c1308 c1321 c664 c63 c461 c834 c1163 c999 c313 c1049 c1130 c1316 c1079 c675 c592 c533 c343 c1446 c1324 c212 c1237 c83 c111 c0 c1169 c1383 
