81
SantaTrackerProv9
PrzemekV 
ClassroomXv9
LarryG StepanK 
ChromeLitev4
LarryU MichalY PrabhakarA 
ScholarXv6
SundarD StefanK PrabhakarC LarryJ RuthB SundarA RuthF JenL MatasK BakhodirG JenR TatiyanaP 
StreetViewXv9
ThomasN StefanX MaxH ThomasU NellyI 
CurrentsProv2
StepanJ 
KeepXv1
PrabhakarA 
NewsXv5
SundarV PrzemekH 
DatasetSearchXv2
MaxZ PrzemekM StefanK StefanA SundarX SusanD 
PatentsMaxv2
PhilippO NellyU MatasR MatasP TatiyanaO RuthJ MichalV BakhodirG ThomasE LarryC 
TravelProv6
PhilippJ 
StreetViewXv2
StepanJ PrzemekF PetarM 
DocsUltrav2
BakhodirB NellyM ClementA NellyW PrzemekM PrabhakarM FionaA JenL 
GroupsZv8
BakhodirL PetarI TatiyanaC MichalV ThomasE 
DatasetSearchLitev6
PrzemekP MaxA BenjaminJ ClementJ TatiyanaC SundarI PhilippK PetarN HiroshiM 
AndroidTVLitev7
StepanJ LarryO JenE TatiyanaZ MatasH NellyM BakhodirM PrzemekM StefanA 
StreetViewMaxv8
PetarA 
CollectionsProv5
HiroshiT SundarD MaxE 
AssistantNextv5
PrabhakarE MatasO PrzemekC MaxB PetarN LarryJ FionaA MichalQ StepanW PhilippJ PetarA MaxY HiroshiB FionaT FionaK BakhodirL SundarM BenjaminY SergeyH 
CurrentsXv1
BakhodirF 
DaydreamMaxv4
ThomasQ 
SearchUltrav8
SergeyG PhilippI HiroshiL 
DataNextv9
ClementO SergeyR HiroshiI JenE PrzemekM FionaZ JenF StepanK PrzemekH BenjaminR LarryZ TatiyanaI NellyU SergeyA PrzemekW HiroshiD PetarV BenjaminY SergeyQ SergeyK LarryD TatiyanaX PhilippC JenS ThomasI 
TravelUltrav3
PetarR JenE 
MoonXv3
SergeyY PetarM 
ScholarSv9
ThomasD ClementX BakhodirM SergeyR MaxB SergeyJ StefanU PrzemekU ThomasN SusanK FionaZ 
LoggingXv4
SergeyJ BakhodirF MaxK 
TravelZv6
ThomasL PetarA LarryI NellyI NellyC PrzemekF 
NewsMaxv1
TatiyanaT 
CalendarLitev5
ThomasN TatiyanaO PrabhakarB BakhodirA 
SheetsZv4
RuthF SergeyR 
ScholarZv1
SusanR MichalQ PrzemekP LarryU 
SkyLitev8
MatasK BenjaminD RuthO SusanT HiroshiD LarryJ PhilippT ThomasZ MichalZ PrzemekU PetarV MaxH FionaA JenU HiroshiT MatasR StefanH FionaD PrzemekC BenjaminB TatiyanaT FionaK TatiyanaH 
PixelSv6
PrzemekF ThomasN SundarM 
PixelProv1
MatasF 
ChatLitev6
NellyV MaxM NellyD ClementI ThomasO StefanH ThomasE PrabhakarB PetarJ SusanY StepanK LarryC 
StorageSv6
SundarM TatiyanaT StefanA PrabhakarL BakhodirO RuthB StefanM RuthQ JenI StefanY FionaK HiroshiW PetarI FionaH JenE MaxK LarryW TatiyanaI FionaT SergeyK MatasR 
LearnProv8
JenI 
FinanceXv5
ClementV 
CollectionsUltrav9
StefanK SundarA 
StadiaProv5
HiroshiD MaxA FionaA 
ClassroomProv5
ThomasM FionaK TatiyanaB ThomasQ SergeyG StefanQ SundarM MichalZ RuthO RuthP ThomasB StepanK SundarX RuthT TatiyanaO 
BloggerProv9
ThomasE 
DataSv9
FionaK RuthF TatiyanaX MaxA PrabhakarA SundarX BenjaminN TatiyanaG BakhodirD PhilippJ 
CastOSSv6
SusanH HiroshiI HiroshiT 
FinanceMaxv7
LarryN StepanU HiroshiL ThomasT SusanT 
FeedBurnerLitev8
SundarX BenjaminL PrabhakarE 
MoonUltrav4
LarryN 
SkyProv4
MichalZ ThomasQ 
CodeZv4
SusanR BenjaminR 
MapsNextv5
PrzemekR FionaZ 
DocsXv8
SusanC PrzemekF BakhodirG SergeyL SergeyQ MatasK NellyD PetarM LarryC MatasS PrzemekW MichalM JenQ NellyG TatiyanaJ SergeyJ ClementX PetarN SusanY SundarX ThomasT SusanK StefanK PrabhakarE 
SkyZv5
SundarM 
ClassroomSv2
RuthX 
ConnectXv3
StefanG 
SlidesProv5
SergeyQ LarryZ 
VoiceZv6
HiroshiQ HiroshiL 
KeepNextv4
PrabhakarN 
DreamNextv6
PrzemekC StepanU StefanA PrzemekP MatasY 
FuchsiaProv7
BenjaminJ ClementI BakhodirQ 
ChartsMaxv5
HiroshiR StefanY MichalY SusanK FionaT 
ReleaseLitev7
RuthT SergeyW FionaV MaxO 
AndroidAutoZv1
PetarV HiroshiL 
AssistantMaxv9
ThomasQ 
CurrentsProv7
SusanT 
StorageNextv9
BenjaminD NellyV PhilippK SergeyY PetarV ThomasI BenjaminV StepanW StepanK MaxE BenjaminY 
FormsUltrav3
ThomasL MatasF HiroshiI NellyU StepanG PetarN TatiyanaA MatasR 
FeedBurnerProv6
SusanR NellyI BakhodirD SergeyY BakhodirA 
BuildProv1
TatiyanaT 
ConnectLitev9
SundarM 
ShoppingUltrav9
TatiyanaJ FionaV JenQ RuthO 
ArtsNextv5
StepanD HiroshiQ ClementJ TatiyanaG FionaA TatiyanaC TatiyanaB RuthO FionaT StefanG 
DrawingsMaxv4
LarryU PrzemekY NellyU PrabhakarA TatiyanaZ FionaQ MatasH SusanU JenE PhilippY ThomasK PhilippT MaxH PrzemekP RuthQ MaxA LarryD StefanA PetarK HiroshiJ ClementV 
WebserverProv7
MatasK MatasF 
BloggerProv2
ThomasD FionaV SundarM 
ReleaseXv3
StepanD NellyC 
DuoMaxv1
BenjaminL PetarJ MaxF BenjaminG TatiyanaT LarryD ClementV NellyD MatasY PrabhakarN 
DataMaxv3
RuthP FionaA SergeyQ SundarV ClementV RuthO PrzemekH JenU ClementJ 
PixelXv7
PhilippJ NellyD TatiyanaJ StepanG 
BuildUltrav6
PhilippK MaxE BakhodirG SundarV 
CultureUltrav4
SundarV 
